NOTE: Picked up JDK_JAVA_OPTIONS:  --add-opens=java.base/java.lang=ALL-UNNAMED --add-opens=java.base/java.io=ALL-UNNAMED --add-opens=java.base/java.util=ALL-UNNAMED --add-opens=java.base/java.util.concurrent=ALL-UNNAMED --add-opens=java.rmi/sun.rmi.transport=ALL-UNNAMED
02-Oct-2022 15:33:53.570 INFO [main] org.apache.catalina.startup.VersionLoggerListener.log Server version name:   Apache Tomcat/10.0.26
02-Oct-2022 15:33:53.573 INFO [main] org.apache.catalina.startup.VersionLoggerListener.log Server built:          Sep 23 2022 10:25:44 UTC
02-Oct-2022 15:33:53.573 INFO [main] org.apache.catalina.startup.VersionLoggerListener.log Server version number: 10.0.26.0
02-Oct-2022 15:33:53.573 INFO [main] org.apache.catalina.startup.VersionLoggerListener.log OS Name:               Linux
02-Oct-2022 15:33:53.574 INFO [main] org.apache.catalina.startup.VersionLoggerListener.log OS Version:            5.10.16.3-microsoft-standard-WSL2
02-Oct-2022 15:33:53.574 INFO [main] org.apache.catalina.startup.VersionLoggerListener.log Architecture:          amd64
02-Oct-2022 15:33:53.574 INFO [main] org.apache.catalina.startup.VersionLoggerListener.log Java Home:             /usr/lib/jvm/java-11-openjdk-amd64
02-Oct-2022 15:33:53.574 INFO [main] org.apache.catalina.startup.VersionLoggerListener.log JVM Version:           11.0.16+8-post-Ubuntu-0ubuntu120.04
02-Oct-2022 15:33:53.575 INFO [main] org.apache.catalina.startup.VersionLoggerListener.log JVM Vendor:            Ubuntu
02-Oct-2022 15:33:53.575 INFO [main] org.apache.catalina.startup.VersionLoggerListener.log CATALINA_BASE:         /mnt/d/SoD/scripting_git/tomcat
02-Oct-2022 15:33:53.575 INFO [main] org.apache.catalina.startup.VersionLoggerListener.log CATALINA_HOME:         /mnt/d/SoD/scripting_git/tomcat
02-Oct-2022 15:33:53.583 INFO [main] org.apache.catalina.startup.VersionLoggerListener.log Command line argument: --add-opens=java.base/java.lang=ALL-UNNAMED
02-Oct-2022 15:33:53.583 INFO [main] org.apache.catalina.startup.VersionLoggerListener.log Command line argument: --add-opens=java.base/java.io=ALL-UNNAMED
02-Oct-2022 15:33:53.584 INFO [main] org.apache.catalina.startup.VersionLoggerListener.log Command line argument: --add-opens=java.base/java.util=ALL-UNNAMED
02-Oct-2022 15:33:53.584 INFO [main] org.apache.catalina.startup.VersionLoggerListener.log Command line argument: --add-opens=java.base/java.util.concurrent=ALL-UNNAMED
02-Oct-2022 15:33:53.584 INFO [main] org.apache.catalina.startup.VersionLoggerListener.log Command line argument: --add-opens=java.rmi/sun.rmi.transport=ALL-UNNAMED
02-Oct-2022 15:33:53.584 INFO [main] org.apache.catalina.startup.VersionLoggerListener.log Command line argument: -Djava.util.logging.config.file=/mnt/d/SoD/scripting_git/tomcat/conf/logging.properties
02-Oct-2022 15:33:53.584 INFO [main] org.apache.catalina.startup.VersionLoggerListener.log Command line argument: -Djava.util.logging.manager=org.apache.juli.ClassLoaderLogManager
02-Oct-2022 15:33:53.585 INFO [main] org.apache.catalina.startup.VersionLoggerListener.log Command line argument: -Djdk.tls.ephemeralDHKeySize=2048
02-Oct-2022 15:33:53.585 INFO [main] org.apache.catalina.startup.VersionLoggerListener.log Command line argument: -Djava.protocol.handler.pkgs=org.apache.catalina.webresources
02-Oct-2022 15:33:53.585 INFO [main] org.apache.catalina.startup.VersionLoggerListener.log Command line argument: -Dorg.apache.catalina.security.SecurityListener.UMASK=0027
02-Oct-2022 15:33:53.585 INFO [main] org.apache.catalina.startup.VersionLoggerListener.log Command line argument: -Dignore.endorsed.dirs=
02-Oct-2022 15:33:53.585 INFO [main] org.apache.catalina.startup.VersionLoggerListener.log Command line argument: -Dcatalina.base=/mnt/d/SoD/scripting_git/tomcat
02-Oct-2022 15:33:53.586 INFO [main] org.apache.catalina.startup.VersionLoggerListener.log Command line argument: -Dcatalina.home=/mnt/d/SoD/scripting_git/tomcat
02-Oct-2022 15:33:53.586 INFO [main] org.apache.catalina.startup.VersionLoggerListener.log Command line argument: -Djava.io.tmpdir=/mnt/d/SoD/scripting_git/tomcat/temp
02-Oct-2022 15:33:53.589 INFO [main] org.apache.catalina.core.AprLifecycleListener.lifecycleEvent The Apache Tomcat Native library which allows using OpenSSL was not found on the java.library.path: [/usr/java/packages/lib:/usr/lib/x86_64-linux-gnu/jni:/lib/x86_64-linux-gnu:/usr/lib/x86_64-linux-gnu:/usr/lib/jni:/lib:/usr/lib]
02-Oct-2022 15:33:53.943 INFO [main] org.apache.coyote.AbstractProtocol.init Initializing ProtocolHandler ["http-nio-8080"]
02-Oct-2022 15:33:53.965 INFO [main] org.apache.catalina.startup.Catalina.load Server initialization in [620] milliseconds
02-Oct-2022 15:33:54.033 INFO [main] org.apache.catalina.core.StandardService.startInternal Starting service [Catalina]
02-Oct-2022 15:33:54.034 INFO [main] org.apache.catalina.core.StandardEngine.startInternal Starting Servlet engine: [Apache Tomcat/10.0.26]
02-Oct-2022 15:33:54.068 INFO [main] org.apache.catalina.startup.HostConfig.deployDirectory Deploying web application directory [/mnt/d/SoD/scripting_git/tomcat/webapps/docs]
02-Oct-2022 15:33:54.642 INFO [main] org.apache.catalina.startup.HostConfig.deployDirectory Deployment of web application directory [/mnt/d/SoD/scripting_git/tomcat/webapps/docs] has finished in [574] ms
02-Oct-2022 15:33:54.644 INFO [main] org.apache.catalina.startup.HostConfig.deployDirectory Deploying web application directory [/mnt/d/SoD/scripting_git/tomcat/webapps/examples]
02-Oct-2022 15:33:59.253 INFO [main] org.apache.catalina.startup.HostConfig.deployDirectory Deployment of web application directory [/mnt/d/SoD/scripting_git/tomcat/webapps/examples] has finished in [4,609] ms
02-Oct-2022 15:33:59.254 INFO [main] org.apache.catalina.startup.HostConfig.deployDirectory Deploying web application directory [/mnt/d/SoD/scripting_git/tomcat/webapps/host-manager]
02-Oct-2022 15:33:59.598 INFO [main] org.apache.catalina.startup.HostConfig.deployDirectory Deployment of web application directory [/mnt/d/SoD/scripting_git/tomcat/webapps/host-manager] has finished in [344] ms
02-Oct-2022 15:33:59.600 INFO [main] org.apache.catalina.startup.HostConfig.deployDirectory Deploying web application directory [/mnt/d/SoD/scripting_git/tomcat/webapps/manager]
02-Oct-2022 15:33:59.992 INFO [main] org.apache.catalina.startup.HostConfig.deployDirectory Deployment of web application directory [/mnt/d/SoD/scripting_git/tomcat/webapps/manager] has finished in [392] ms
02-Oct-2022 15:33:59.993 INFO [main] org.apache.catalina.startup.HostConfig.deployDirectory Deploying web application directory [/mnt/d/SoD/scripting_git/tomcat/webapps/ROOT]
02-Oct-2022 15:34:00.282 INFO [main] org.apache.catalina.startup.HostConfig.deployDirectory Deployment of web application directory [/mnt/d/SoD/scripting_git/tomcat/webapps/ROOT] has finished in [289] ms
02-Oct-2022 15:34:00.289 INFO [main] org.apache.coyote.AbstractProtocol.start Starting ProtocolHandler ["http-nio-8080"]
02-Oct-2022 15:34:00.305 INFO [main] org.apache.catalina.startup.Catalina.start Server startup in [6339] milliseconds
