[    0.000000] Linux version 4.15.0-193-generic (buildd@lcy02-amd64-022) (gcc version 7.5.0 (Ubuntu 7.5.0-3ubuntu1~18.04)) #204-Ubuntu SMP Fri Aug 26 19:20:21 UTC 2022 (Ubuntu 4.15.0-193.204-generic 4.15.18)
[    0.000000] Command line: BOOT_IMAGE=/boot/vmlinuz-4.15.0-193-generic root=LABEL=cloudimg-rootfs ro console=tty1 console=ttyS0
[    0.000000] KERNEL supported cpus:
[    0.000000]   Intel GenuineIntel
[    0.000000]   AMD AuthenticAMD
[    0.000000]   Centaur CentaurHauls
[    0.000000] x86/fpu: x87 FPU will use FXSAVE
[    0.000000] e820: BIOS-provided physical RAM map:
[    0.000000] BIOS-e820: [mem 0x0000000000000000-0x000000000009fbff] usable
[    0.000000] BIOS-e820: [mem 0x000000000009fc00-0x000000000009ffff] reserved
[    0.000000] BIOS-e820: [mem 0x00000000000f0000-0x00000000000fffff] reserved
[    0.000000] BIOS-e820: [mem 0x0000000000100000-0x000000007ffeffff] usable
[    0.000000] BIOS-e820: [mem 0x000000007fff0000-0x000000007fffffff] ACPI data
[    0.000000] BIOS-e820: [mem 0x00000000fec00000-0x00000000fec00fff] reserved
[    0.000000] BIOS-e820: [mem 0x00000000fee00000-0x00000000fee00fff] reserved
[    0.000000] BIOS-e820: [mem 0x00000000fffc0000-0x00000000ffffffff] reserved
[    0.000000] NX (Execute Disable) protection: active
[    0.000000] SMBIOS 2.5 present.
[    0.000000] DMI: innotek GmbH VirtualBox/VirtualBox, BIOS VirtualBox 12/01/2006
[    0.000000] Hypervisor detected: KVM
[    0.000000] e820: last_pfn = 0x7fff0 max_arch_pfn = 0x400000000
[    0.000000] MTRR: Disabled
[    0.000000] x86/PAT: MTRRs disabled, skipping PAT initialization too.
[    0.000000] CPU MTRRs all blank - virtualized system.
[    0.000000] x86/PAT: Configuration [0-7]: WB  WT  UC- UC  WB  WT  UC- UC  
[    0.000000] found SMP MP-table at [mem 0x0009fff0-0x0009ffff]
[    0.000000] Scanning 1 areas for low memory corruption
[    0.000000] RAMDISK: [mem 0x359cb000-0x36cdcfff]
[    0.000000] ACPI: Early table checksum verification disabled
[    0.000000] ACPI: RSDP 0x00000000000E0000 000024 (v02 VBOX  )
[    0.000000] ACPI: XSDT 0x000000007FFF0030 00003C (v01 VBOX   VBOXXSDT 00000001 ASL  00000061)
[    0.000000] ACPI: FACP 0x000000007FFF00F0 0000F4 (v04 VBOX   VBOXFACP 00000001 ASL  00000061)
[    0.000000] ACPI: DSDT 0x000000007FFF0470 002325 (v02 VBOX   VBOXBIOS 00000002 INTL 20100528)
[    0.000000] ACPI: FACS 0x000000007FFF0200 000040
[    0.000000] ACPI: FACS 0x000000007FFF0200 000040
[    0.000000] ACPI: APIC 0x000000007FFF0240 00005C (v02 VBOX   VBOXAPIC 00000001 ASL  00000061)
[    0.000000] ACPI: SSDT 0x000000007FFF02A0 0001CC (v01 VBOX   VBOXCPUT 00000002 INTL 20100528)
[    0.000000] ACPI: Reserving FACP table memory at [mem 0x7fff00f0-0x7fff01e3]
[    0.000000] ACPI: Reserving DSDT table memory at [mem 0x7fff0470-0x7fff2794]
[    0.000000] ACPI: Reserving FACS table memory at [mem 0x7fff0200-0x7fff023f]
[    0.000000] ACPI: Reserving FACS table memory at [mem 0x7fff0200-0x7fff023f]
[    0.000000] ACPI: Reserving APIC table memory at [mem 0x7fff0240-0x7fff029b]
[    0.000000] ACPI: Reserving SSDT table memory at [mem 0x7fff02a0-0x7fff046b]
[    0.000000] No NUMA configuration found
[    0.000000] Faking a node at [mem 0x0000000000000000-0x000000007ffeffff]
[    0.000000] NODE_DATA(0) allocated [mem 0x7ffc5000-0x7ffeffff]
[    0.000000] kvm-clock: cpu 0, msr 0:7ff44001, primary cpu clock
[    0.000000] kvm-clock: Using msrs 4b564d01 and 4b564d00
[    0.000000] kvm-clock: using sched offset of 3956291104 cycles
[    0.000000] clocksource: kvm-clock: mask: 0xffffffffffffffff max_cycles: 0x1cd42e4dffb, max_idle_ns: 881590591483 ns
[    0.000000] Zone ranges:
[    0.000000]   DMA      [mem 0x0000000000001000-0x0000000000ffffff]
[    0.000000]   DMA32    [mem 0x0000000001000000-0x000000007ffeffff]
[    0.000000]   Normal   empty
[    0.000000]   Device   empty
[    0.000000] Movable zone start for each node
[    0.000000] Early memory node ranges
[    0.000000]   node   0: [mem 0x0000000000001000-0x000000000009efff]
[    0.000000]   node   0: [mem 0x0000000000100000-0x000000007ffeffff]
[    0.000000] Reserved but unavailable: 104 pages
[    0.000000] Initmem setup node 0 [mem 0x0000000000001000-0x000000007ffeffff]
[    0.000000] ACPI: PM-Timer IO Port: 0x4008
[    0.000000] IOAPIC[0]: apic_id 2, version 32, address 0xfec00000, GSI 0-23
[    0.000000] ACPI: INT_SRC_OVR (bus 0 bus_irq 0 global_irq 2 dfl dfl)
[    0.000000] ACPI: INT_SRC_OVR (bus 0 bus_irq 9 global_irq 9 low level)
[    0.000000] Using ACPI (MADT) for SMP configuration information
[    0.000000] smpboot: Allowing 2 CPUs, 0 hotplug CPUs
[    0.000000] PM: Registered nosave memory: [mem 0x00000000-0x00000fff]
[    0.000000] PM: Registered nosave memory: [mem 0x0009f000-0x0009ffff]
[    0.000000] PM: Registered nosave memory: [mem 0x000a0000-0x000effff]
[    0.000000] PM: Registered nosave memory: [mem 0x000f0000-0x000fffff]
[    0.000000] e820: [mem 0x80000000-0xfebfffff] available for PCI devices
[    0.000000] Booting paravirtualized kernel on KVM
[    0.000000] clocksource: refined-jiffies: mask: 0xffffffff max_cycles: 0xffffffff, max_idle_ns: 7645519600211568 ns
[    0.000000] random: get_random_bytes called from start_kernel+0x99/0x500 with crng_init=0
[    0.000000] setup_percpu: NR_CPUS:8192 nr_cpumask_bits:2 nr_cpu_ids:2 nr_node_ids:1
[    0.000000] percpu: Embedded 50 pages/cpu s167936 r8192 d28672 u1048576
[    0.000000] PV qspinlock hash table entries: 256 (order: 0, 4096 bytes)
[    0.000000] Built 1 zonelists, mobility grouping on.  Total pages: 515961
[    0.000000] Policy zone: DMA32
[    0.000000] Kernel command line: BOOT_IMAGE=/boot/vmlinuz-4.15.0-193-generic root=LABEL=cloudimg-rootfs ro console=tty1 console=ttyS0
[    0.000000] Memory: 2014840K/2096696K available (12300K kernel code, 2484K rwdata, 4324K rodata, 2468K init, 2724K bss, 81856K reserved, 0K cma-reserved)
[    0.000000] SLUB: HWalign=64, Order=0-3, MinObjects=0, CPUs=2, Nodes=1
[    0.000000] ftrace: allocating 39483 entries in 155 pages
[    0.004000] Hierarchical RCU implementation.
[    0.004000] 	RCU restricting CPUs from NR_CPUS=8192 to nr_cpu_ids=2.
[    0.004000] 	Tasks RCU enabled.
[    0.004000] RCU: Adjusting geometry for rcu_fanout_leaf=16, nr_cpu_ids=2
[    0.004000] NR_IRQS: 524544, nr_irqs: 440, preallocated irqs: 16
[    0.004000] Console: colour VGA+ 80x25
[    0.004000] console [tty1] enabled
[    0.004000] console [ttyS0] enabled
[    0.004000] ACPI: Core revision 20170831
[    0.004000] ACPI: 2 ACPI AML tables successfully acquired and loaded
[    0.004000] APIC: Switch to symmetric I/O mode setup
[    0.004000] ..TIMER: vector=0x30 apic1=0 pin1=2 apic2=-1 pin2=-1
[    0.004005] tsc: Detected 2904.008 MHz processor
[    0.008009] Calibrating delay loop (skipped) preset value.. 5808.01 BogoMIPS (lpj=11616032)
[    0.012003] pid_max: default: 32768 minimum: 301
[    0.016073] Security Framework initialized
[    0.020003] Yama: becoming mindful.
[    0.024078] AppArmor: AppArmor initialized
[    0.034585] Dentry cache hash table entries: 262144 (order: 9, 2097152 bytes)
[    0.042893] Inode-cache hash table entries: 131072 (order: 8, 1048576 bytes)
[    0.044114] Mount-cache hash table entries: 4096 (order: 3, 32768 bytes)
[    0.048097] Mountpoint-cache hash table entries: 4096 (order: 3, 32768 bytes)
[    0.057033] Last level iTLB entries: 4KB 64, 2MB 8, 4MB 8
[    0.060002] Last level dTLB entries: 4KB 64, 2MB 0, 4MB 0, 1GB 4
[    0.064003] Spectre V1 : Mitigation: usercopy/swapgs barriers and __user pointer sanitization
[    0.068003] Spectre V2 : Mitigation: Enhanced IBRS
[    0.072002] Spectre V2 : Spectre v2 / SpectreRSB mitigation: Filling RSB on context switch
[    0.076003] Speculative Store Bypass: Vulnerable
[    0.080052] MMIO Stale Data: Vulnerable: Clear CPU buffers attempted, no microcode
[    0.084148] Freeing SMP alternatives memory: 36K
[    0.200736] smpboot: CPU0: Intel(R) Core(TM) i5-10400F CPU @ 2.90GHz (family: 0x6, model: 0xa5, stepping: 0x3)
[    0.204356] Performance Events: unsupported p6 CPU model 165 no PMU driver, software events only.
[    0.208085] Hierarchical SRCU implementation.
[    0.212704] NMI watchdog: Perf event create on CPU 0 failed with -2
[    0.216002] NMI watchdog: Perf NMI watchdog permanently disabled
[    0.220269] smp: Bringing up secondary CPUs ...
[    0.224979] x86: Booting SMP configuration:
[    0.228003] .... node  #0, CPUs:      #1
[    0.004000] kvm-clock: cpu 1, msr 0:7ff44041, secondary cpu clock
[    0.240005] smp: Brought up 1 node, 2 CPUs
[    0.244037] smpboot: Max logical packages: 1
[    0.248003] smpboot: Total of 2 processors activated (11616.03 BogoMIPS)
[    0.252428] devtmpfs: initialized
[    0.254512] x86/mm: Memory block size: 128MB
[    0.256472] evm: security.selinux
[    0.260003] evm: security.SMACK64
[    0.262814] evm: security.SMACK64EXEC
[    0.264002] evm: security.SMACK64TRANSMUTE
[    0.267251] evm: security.SMACK64MMAP
[    0.268002] evm: security.apparmor
[    0.272002] evm: security.ima
[    0.274143] evm: security.capability
[    0.276395] clocksource: jiffies: mask: 0xffffffff max_cycles: 0xffffffff, max_idle_ns: 7645041785100000 ns
[    0.280017] futex hash table entries: 512 (order: 3, 32768 bytes)
[    0.284144] pinctrl core: initialized pinctrl subsystem
[    0.288447] RTC time: 22:57:32, date: 11/07/22
[    0.293162] NET: Registered protocol family 16
[    0.296143] audit: initializing netlink subsys (disabled)
[    0.300172] audit: type=2000 audit(1667861858.074:1): state=initialized audit_enabled=0 res=1
[    0.308006] cpuidle: using governor ladder
[    0.312008] cpuidle: using governor menu
[    0.316039] ACPI: bus type PCI registered
[    0.318840] acpiphp: ACPI Hot Plug PCI Controller Driver version: 0.5
[    0.324132] PCI: Using configuration type 1 for base access
[    0.332292] HugeTLB registered 2.00 MiB page size, pre-allocated 0 pages
[    0.340451] ACPI: Added _OSI(Module Device)
[    0.344009] ACPI: Added _OSI(Processor Device)
[    0.348003] ACPI: Added _OSI(3.0 _SCP Extensions)
[    0.352003] ACPI: Added _OSI(Processor Aggregator Device)
[    0.356003] ACPI: Added _OSI(Linux-Dell-Video)
[    0.360003] ACPI: Added _OSI(Linux-Lenovo-NV-HDMI-Audio)
[    0.364003] ACPI: Added _OSI(Linux-HPI-Hybrid-Graphics)
[    0.368763] ACPI: Executed 1 blocks of module-level executable AML code
[    0.377642] ACPI: Interpreter enabled
[    0.380013] ACPI: (supports S0 S5)
[    0.382531] ACPI: Using IOAPIC for interrupt routing
[    0.384344] PCI: Using host bridge windows from ACPI; if necessary, use "pci=nocrs" and report a bug
[    0.388213] ACPI: Enabled 2 GPEs in block 00 to 07
[    0.407404] ACPI: PCI Root Bridge [PCI0] (domain 0000 [bus 00-ff])
[    0.408007] acpi PNP0A03:00: _OSC: OS supports [ASPM ClockPM Segments MSI]
[    0.412663] acpi PNP0A03:00: _OSC: not requesting OS control; OS requires [ExtendedConfig ASPM ClockPM MSI]
[    0.416011] acpi PNP0A03:00: fail to add MMCONFIG information, can't access extended PCI configuration space under this bridge.
[    0.420661] PCI host bridge to bus 0000:00
[    0.424004] pci_bus 0000:00: root bus resource [io  0x0000-0x0cf7 window]
[    0.432009] pci_bus 0000:00: root bus resource [io  0x0d00-0xffff window]
[    0.436003] pci_bus 0000:00: root bus resource [mem 0x000a0000-0x000bffff window]
[    0.440003] pci_bus 0000:00: root bus resource [mem 0x80000000-0xfdffffff window]
[    0.444004] pci_bus 0000:00: root bus resource [bus 00-ff]
[    0.455149] pci 0000:00:01.1: legacy IDE quirk: reg 0x10: [io  0x01f0-0x01f7]
[    0.456007] pci 0000:00:01.1: legacy IDE quirk: reg 0x14: [io  0x03f6]
[    0.460004] pci 0000:00:01.1: legacy IDE quirk: reg 0x18: [io  0x0170-0x0177]
[    0.464003] pci 0000:00:01.1: legacy IDE quirk: reg 0x1c: [io  0x0376]
[    0.489297] pci 0000:00:07.0: quirk: [io  0x4000-0x403f] claimed by PIIX4 ACPI
[    0.492036] pci 0000:00:07.0: quirk: [io  0x4100-0x410f] claimed by PIIX4 SMB
[    0.504685] ACPI: PCI Interrupt Link [LNKA] (IRQs 5 9 10 *11)
[    0.508486] ACPI: PCI Interrupt Link [LNKB] (IRQs 5 9 *10 11)
[    0.512196] ACPI: PCI Interrupt Link [LNKC] (IRQs 5 *9 10 11)
[    0.516181] ACPI: PCI Interrupt Link [LNKD] (IRQs 5 9 10 *11)
[    0.520656] SCSI subsystem initialized
[    0.524165] pci 0000:00:02.0: vgaarb: setting as boot VGA device
[    0.528000] pci 0000:00:02.0: vgaarb: VGA device added: decodes=io+mem,owns=io+mem,locks=none
[    0.528006] pci 0000:00:02.0: vgaarb: bridge control possible
[    0.532003] vgaarb: loaded
[    0.536097] ACPI: bus type USB registered
[    0.539137] usbcore: registered new interface driver usbfs
[    0.540017] usbcore: registered new interface driver hub
[    0.544011] usbcore: registered new device driver usb
[    0.548114] EDAC MC: Ver: 3.0.0
[    0.552393] PCI: Using ACPI for IRQ routing
[    0.555860] NetLabel: Initializing
[    0.556003] NetLabel:  domain hash size = 128
[    0.560002] NetLabel:  protocols = UNLABELED CIPSOv4 CALIPSO
[    0.564126] NetLabel:  unlabeled traffic allowed by default
[    0.568182] clocksource: Switched to clocksource kvm-clock
[    0.586864] VFS: Disk quotas dquot_6.6.0
[    0.586864] VFS: Dquot-cache hash table entries: 512 (order 0, 4096 bytes)
[    0.586864] AppArmor: AppArmor Filesystem Enabled
[    0.586864] pnp: PnP ACPI init
[    0.586864] pnp: PnP ACPI: found 3 devices
[    0.661388] clocksource: acpi_pm: mask: 0xffffff max_cycles: 0xffffff, max_idle_ns: 2085701024 ns
[    0.664420] NET: Registered protocol family 2
[    0.664420] IP idents hash table entries: 32768 (order: 6, 262144 bytes)
[    0.678337] TCP established hash table entries: 16384 (order: 5, 131072 bytes)
[    0.684109] TCP bind hash table entries: 16384 (order: 6, 262144 bytes)
[    0.689423] TCP: Hash tables configured (established 16384 bind 16384)
[    0.692666] UDP hash table entries: 1024 (order: 3, 32768 bytes)
[    0.692666] UDP-Lite hash table entries: 1024 (order: 3, 32768 bytes)
[    0.692666] NET: Registered protocol family 1
[    0.692666] pci 0000:00:00.0: Limiting direct PCI/PCI transfers
[    0.692666] pci 0000:00:01.0: Activating ISA DMA hang workarounds
[    0.692666] pci 0000:00:02.0: Video device with shadowed ROM at [mem 0x000c0000-0x000dffff]
[    0.692666] Unpacking initramfs...
[    0.692666] Freeing initrd memory: 19528K
[    0.692666] clocksource: tsc: mask: 0xffffffffffffffff max_cycles: 0x29dc0d988f1, max_idle_ns: 440795328788 ns
[    0.692666] platform rtc_cmos: registered platform RTC device (no PNP device found)
[    0.692666] Scanning for low memory corruption every 60 seconds
[    1.139513] Initialise system trusted keyrings
[    1.142723] Key type blacklist registered
[    1.146186] workingset: timestamp_bits=36 max_order=19 bucket_order=0
[    1.152819] zbud: loaded
[    1.155986] squashfs: version 4.0 (2009/01/31) Phillip Lougher
[    1.162308] fuse init (API version 7.26)
[    1.190256] Key type asymmetric registered
[    1.193139] Asymmetric key parser 'x509' registered
[    1.197246] Block layer SCSI generic (bsg) driver version 0.4 loaded (major 246)
[    1.203564] io scheduler noop registered
[    1.206693] io scheduler deadline registered
[    1.209763] io scheduler cfq registered (default)
[    1.213813] ACPI: AC Adapter [AC] (on-line)
[    1.217036] input: Power Button as /devices/LNXSYSTM:00/LNXPWRBN:00/input/input0
[    1.223646] ACPI: Power Button [PWRF]
[    1.226792] input: Sleep Button as /devices/LNXSYSTM:00/LNXSLPBN:00/input/input1
[    1.232121] ACPI: Sleep Button [SLPF]
[    1.236145] Serial: 8250/16550 driver, 32 ports, IRQ sharing enabled
[    1.266742] 00:02: ttyS0 at I/O 0x3f8 (irq = 4, base_baud = 115200) is a 16550A
[    1.286538] Linux agpgart interface v0.103
[    1.295695] loop: module loaded
[    1.299819] scsi host0: ata_piix
[    1.302802] scsi host1: ata_piix
[    1.305968] ata1: PATA max UDMA/33 cmd 0x1f0 ctl 0x3f6 bmdma 0xd000 irq 14
[    1.309909] ata2: PATA max UDMA/33 cmd 0x170 ctl 0x376 bmdma 0xd008 irq 15
[    1.315954] tun: Universal TUN/TAP device driver, 1.6
[    1.320628] PPP generic driver version 2.4.2
[    1.323949] ehci_hcd: USB 2.0 'Enhanced' Host Controller (EHCI) Driver
[    1.324430] ehci-pci: EHCI PCI platform driver
[    1.324430] ehci-platform: EHCI generic platform driver
[    1.324430] ohci_hcd: USB 1.1 'Open' Host Controller (OHCI) Driver
[    1.324430] ohci-pci: OHCI PCI platform driver
[    1.324430] ohci-platform: OHCI generic platform driver
[    1.324430] uhci_hcd: USB Universal Host Controller Interface driver
[    1.324430] i8042: PNP: PS/2 Controller [PNP0303:PS2K,PNP0f03:PS2M] at 0x60,0x64 irq 1,12
[    1.324430] serio: i8042 KBD port at 0x60,0x64 irq 1
[    1.324430] serio: i8042 AUX port at 0x60,0x64 irq 12
[    1.324430] mousedev: PS/2 mouse device common for all mice
[    1.373013] rtc_cmos rtc_cmos: rtc core: registered rtc_cmos as rtc0
[    1.377776] rtc_cmos rtc_cmos: alarms up to one day, 114 bytes nvram
[    1.382146] i2c /dev entries driver
[    1.384573] device-mapper: uevent: version 1.0.3
[    1.387947] device-mapper: ioctl: 4.37.0-ioctl (2017-09-20) initialised: dm-devel@redhat.com
[    1.395342] ledtrig-cpu: registered to indicate activity on CPUs
[    1.401736] input: AT Translated Set 2 keyboard as /devices/platform/i8042/serio0/input/input2
[    1.409401] NET: Registered protocol family 10
[    1.418691] Segment Routing with IPv6
[    1.422073] NET: Registered protocol family 17
[    1.425747] Key type dns_resolver registered
[    1.429863] mce: Using 0 MCE banks
[    1.434430] RAS: Correctable Errors collector initialized.
[    1.438883] sched_clock: Marking stable (1438844332, 0)->(2077321926, -638477594)
[    1.449326] registered taskstats version 1
[    1.452939] Loading compiled-in X.509 certificates
[    1.459561] Loaded X.509 cert 'Build time autogenerated kernel key: b9e621348ccbcfe28d0c51e4c3b595dc856bdd44'
[    1.467178] Loaded X.509 cert 'Canonical Ltd. Live Patch Signing: 14df34d1a87cf37625abec039ef2bf521249b969'
[    1.476704] Loaded X.509 cert 'Canonical Ltd. Kernel Module Signing: 88f752e560a1e0737e31163a466ad7b70a850c19'
[    1.484633] blacklist: Loading compiled-in revocation X.509 certificates
[    1.489330] Loaded X.509 cert 'Canonical Ltd. Secure Boot Signing: 61482aa2830d0ab2ad5af10b7250da9033ddcef0'
[    1.496759] zswap: loaded using pool lzo/zbud
[    1.528898] Key type big_key registered
[    1.534348] Key type trusted registered
[    1.540715] Key type encrypted registered
[    1.543669] AppArmor: AppArmor sha1 policy hashing enabled
[    1.547662] ima: No TPM chip found, activating TPM-bypass! (rc=-19)
[    1.552502] ima: Allocated hash algorithm: sha1
[    1.555808] evm: HMAC attrs: 0x1
[    1.558757]   Magic number: 14:334:1007
[    1.562965] rtc_cmos rtc_cmos: setting system clock to 2022-11-07 22:57:34 UTC (1667861854)
[    1.571792] BIOS EDD facility v0.16 2004-Jun-25, 0 devices found
[    1.576209] EDD information not available.
[    1.582560] Freeing unused kernel image memory: 2468K
[    1.608831] Write protecting the kernel read-only data: 20480k
[    1.614070] Freeing unused kernel image memory: 2008K
[    1.617884] Freeing unused kernel image memory: 1820K
[    1.628315] x86/mm: Checked W+X mappings: passed, no W+X pages found.
Loading, please wait...
starting version 237
[    1.698633] Fusion MPT base driver 3.04.20
[    1.703157] Copyright (c) 1999-2008 LSI Corporation
[    1.711261] e1000: Intel(R) PRO/1000 Network Driver - version 7.3.21-k8-NAPI
[    1.717588] e1000: Copyright (c) 1999-2006 Intel Corporation.
[    1.738054] Fusion MPT SPI Host driver 3.04.20
[    1.942702] input: ImExPS/2 Generic Explorer Mouse as /devices/platform/i8042/serio1/input/input4
[    2.326436] e1000 0000:00:03.0 eth0: (PCI:33MHz:32-bit) 02:12:a5:46:f1:8c
[    2.331794] e1000 0000:00:03.0 eth0: Intel(R) PRO/1000 Network Connection
[    2.338820] mptbase: ioc0: Initiating bringup
[    2.438566] ioc0: LSI53C1030 A0: Capabilities={Initiator}
[    2.693242] scsi host2: ioc0: LSI53C1030 A0, FwRev=00000000h, Ports=1, MaxQ=256, IRQ=20
[    2.865775] scsi 2:0:0:0: Direct-Access     VBOX     HARDDISK         1.0  PQ: 0 ANSI: 5
[    2.900681] scsi target2:0:0: Beginning Domain Validation
[    2.959657] scsi target2:0:0: Domain Validation skipping write tests
[    2.964943] scsi target2:0:0: Ending Domain Validation
[    2.976900] scsi target2:0:0: asynchronous
[    2.983581] scsi 2:0:1:0: Direct-Access     VBOX     HARDDISK         1.0  PQ: 0 ANSI: 5
[    3.344276] scsi target2:0:1: Beginning Domain Validation
[    3.348856] random: fast init done
[    3.355395] scsi target2:0:1: Domain Validation skipping write tests
[    3.359818] scsi target2:0:1: Ending Domain Validation
[    3.363961] scsi target2:0:1: asynchronous
[    3.376929] random: systemd-udevd: uninitialized urandom read (16 bytes read)
[    3.382348] sd 2:0:0:0: Attached scsi generic sg0 type 0
[    3.386230] sd 2:0:1:0: Attached scsi generic sg1 type 0
[    3.390268] random: systemd-udevd: uninitialized urandom read (16 bytes read)
[    3.395157] random: systemd-udevd: uninitialized urandom read (16 bytes read)
[    3.403922] sd 2:0:1:0: [sdb] 20480 512-byte logical blocks: (10.5 MB/10.0 MiB)
[    3.408151] sd 2:0:0:0: [sda] 83886080 512-byte logical blocks: (42.9 GB/40.0 GiB)
[    3.414809] sd 2:0:1:0: [sdb] Write Protect is off
[    3.414857] sd 2:0:0:0: [sda] Write Protect is off
[    3.422991] sd 2:0:0:0: [sda] Incomplete mode parameter data
[    3.423073] sd 2:0:1:0: [sdb] Incomplete mode parameter data
[    3.426756] sd 2:0:0:0: [sda] Assuming drive cache: write through
[    3.430920] sd 2:0:1:0: [sdb] Assuming drive cache: write through
[    3.438471]  sda: sda1
[    3.446987] sd 2:0:0:0: [sda] Attached SCSI disk
[    3.452930] sd 2:0:1:0: [sdb] Attached SCSI disk
[    3.501384] e1000 0000:00:08.0 eth1: (PCI:33MHz:32-bit) 08:00:27:8f:45:e2
[    3.507834] e1000 0000:00:08.0 eth1: Intel(R) PRO/1000 Network Connection
[    3.514641] e1000 0000:00:03.0 enp0s3: renamed from eth0
[    3.537362] e1000 0000:00:08.0 enp0s8: renamed from eth1
Begin: Loading essential drivers ... [    6.438017] raid6: sse2x1   gen() 291825 MB/s
[    8.437205] raid6: sse2x1   xor() 184782 MB/s
[   10.437142] raid6: sse2x2   gen() 390566 MB/s
[   10.488811] raid6: sse2x2   xor() 10660 MB/s
[   10.542389] raid6: sse2x4   gen() 17381 MB/s
[   10.597172] raid6: sse2x4   xor() 10352 MB/s
[   10.601024] raid6: using algorithm sse2x2 gen() 390566 MB/s
[   10.605179] raid6: .... xor() 10660 MB/s, rmw enabled
[   10.609397] raid6: using ssse3x2 recovery algorithm
[   10.615652] xor: measuring software checksum speed
[   10.657650]    prefetch64-sse: 22246.000 MB/sec
[   10.700928]    generic_sse: 20937.000 MB/sec
[   10.705044] xor: using function: prefetch64-sse (22246.000 MB/sec)
[   10.711383] async_tx: api initialized (async)
done.
Begin: Running /scripts/init-premount ... done.
Begin: Mounting root file system ... Begin: Running /scripts/local-top ... done.
Begin: Running /scripts/local-premount ... [   10.765345] Btrfs loaded, crc32c=crc32c-intel
Scanning for Btrfs filesystems
done.
Warning: fsck not present, so skipping root file system
[   10.807593] EXT4-fs (sda1): mounted filesystem with ordered data mode. Opts: (null)
done.
Begin: Running /scripts/local-bottom ... done.
Begin: Running /scripts/init-bottom ... done.
[   11.002692] ip_tables: (C) 2000-2006 Netfilter Core Team
[   11.019132] systemd[1]: systemd 237 running in system mode. (+PAM +AUDIT +SELINUX +IMA +APPARMOR +SMACK +SYSVINIT +UTMP +LIBCRYPTSETUP +GCRYPT +GNUTLS +ACL +XZ +LZ4 +SECCOMP +BLKID +ELFUTILS +KMOD -IDN2 +IDN -PCRE2 default-hierarchy=hybrid)
[   11.033724] systemd[1]: Detected virtualization oracle.
[   11.037638] systemd[1]: Detected architecture x86-64.

Welcome to [1mUbuntu 18.04.6 LTS[0m!

[   11.077146] systemd[1]: Set hostname to <ubuntu>.
[   11.085796] systemd[1]: Initializing machine ID from random generator.
[   11.090547] systemd[1]: Installed transient /etc/machine-id file.
[   11.370444] systemd[1]: Started Forward Password Requests to Wall Directory Watch.
[[0;32m  OK  [0m] Started Forward Password Requests to Wall Directory Watch.
[   11.389220] systemd[1]: Created slice User and Session Slice.
[[0;32m  OK  [0m] Created slice User and Session Slice.
[   11.396925] systemd[1]: Reached target User and Group Name Lookups.
[[0;32m  OK  [0m] Reached target User and Group Name Lookups.
[   11.407169] systemd[1]: Reached target System Time Synchronized.
[[0;32m  OK  [0m] Reached target System Time Synchronized.
[[0;32m  OK  [0m] Set up automount Arbitrary Executab…rmats File System Automount Point.
[[0;32m  OK  [0m] Created slice System Slice.
[[0;32m  OK  [0m] Created slice system-serial\x2dgetty.slice.
[[0;32m  OK  [0m] Listening on Syslog Socket.
[[0;32m  OK  [0m] Listening on LVM2 metadata daemon socket.
[[0;32m  OK  [0m] Listening on /dev/initctl Compatibility Named Pipe.
[[0;32m  OK  [0m] Listening on Journal Socket.
         Starting Create list of required st…ce nodes for the current kernel...
         Starting Uncomplicated firewall...
         Mounting POSIX Message Queue File System...
[[0;32m  OK  [0m] Listening on LVM2 poll daemon socket.
[[0;32m  OK  [0m] Listening on fsck to fsckd communication Socket.
         Starting File System Check on Root Device...
[[0;32m  OK  [0m] Listening on udev Control Socket.
         Mounting Huge Pages File System...
[[0;32m  OK  [0m] Listening on udev Kernel Socket.
         Starting udev Coldplug all Devices...
[[0;32m  OK  [0m] Listening on Device-mapper event daemon FIFOs.
         Starting Monitoring of LVM2 mirrors…ng dmeventd or progress polling...
[[0;32m  OK  [0m] Listening on Journal Audit Socket.
         Mounting Kernel Debug File System...
[[0;32m  OK  [0m] Listening on Journal Socket (/dev/log).
         Starting Journal Service...
         Starting Set the console keyboard layout...
[[0;32m  OK  [0m] Reached target Slices.
[[0;32m  OK  [0m] Reached target Swap.
         Starting Load Kernel Modules...
[[0;32m  OK  [0m] Listening on Network Service Netlink Socket.
[[0;32m  OK  [0m] Started Create list of required sta…vice nodes for the current kernel.
[[0;32m  OK  [0m] Started Uncomplicated firewall.
[[0;32m  OK  [0m] Mounted POSIX Message Queue File System.
[[0;32m  OK  [0m] Started File System Check on Root Device.
[[0;32m  OK  [0m] Mounted Huge Pages File System.
[[0;32m  OK  [0m] Mounted Kernel Debug File System.
[[0;32m  OK  [0m] Started LVM2 metadata daemon.
[[0;32m  OK  [0m] Started File System Check Daemon to report status.
         Starting Remount Root and Kernel File Systems...
         Starting Create Static Device Nodes in /dev...
[   11.596179] Loading iSCSI transport class v2.0-870.
[[0;32m  OK  [0m] Started Journal Service.
[[0;32m  OK  [0m] Started udev Coldplug all Devices.
[[0;32m  OK  [0m] Started Create Static Device Nodes in /dev.
[   11.671672] iscsi: registered transport (tcp)
[   11.694317] iscsi: registered transport (iser)
[   11.699921] EXT4-fs (sda1): re-mounted. Opts: (null)
[[0;32m  OK  [0m] Started Load Kernel Modules.
[[0;32m  OK  [0m] Started Remount Root and Kernel File Systems.
         Starting Flush Journal to Persistent Storage...
         Starting udev Kernel Device Manager...
         Starting Load/Save Random Seed...
         Starting Apply Kernel Variables...
         Mounting FUSE Control File System...
         Mounting Kernel Configuration File System...
[[0;32m  OK  [0m] Started Monitoring of LVM2 mirrors,…sing dmeventd or progress polling.
[[0;32m  OK  [0m] Started Load/Save Random Seed.
[[0;32m  OK  [0m] Mounted FUSE Control File System.
[[0;32m  OK  [0m] Mounted Kernel Configuration File System.
[   11.768687] systemd-journald[381]: Received request to flush runtime journal from PID 1
[[0;32m  OK  [0m] Started udev Kernel Device Manager.
[[0;32m  OK  [0m] Started Apply Kernel Variables.
[[0;32m  OK  [0m] Started Flush Journal to Persistent Storage.
[[0;32m  OK  [0m] Found device /dev/ttyS0.
[[0;32m  OK  [0m] Started Set the console keyboard layout.
[[0;32m  OK  [0m] Reached target Local File Systems (Pre).
[[0;32m  OK  [0m] Reached target Local File Systems.
         Starting Create Volatile Files and Directories...
         Starting Set console font and keymap...
         Starting Commit a transient machine-id on disk...
         Starting AppArmor initialization...
         Starting Tell Plymouth To Write Out Runtime Data...
         Starting ebtables ruleset management...
[[0;32m  OK  [0m] Started Dispatch Password Requests to Console Directory Watch.
[[0;32m  OK  [0m] Reached target Local Encrypted Volumes.
[[0;32m  OK  [0m] Started Set console font and keymap.
[[0;32m  OK  [0m] Started Create Volatile Files and Directories.
[[0;32m  OK  [0m] Started Tell Plymouth To Write Out Runtime Data.
         Starting Update UTMP about System Boot/Shutdown...
[[0;32m  OK  [0m] Listening on Load/Save RF Kill Switch Status /dev/rfkill Watch.
[[0;32m  OK  [0m] Started Update UTMP about System Boot/Shutdown.
[[0;32m  OK  [0m] Started Commit a transient machine-id on disk.
[[0;32m  OK  [0m] Started ebtables ruleset management.
[[0;32m  OK  [0m] Started AppArmor initialization.
         Starting Initial cloud-init job (pre-networking)...
         Starting Load AppArmor profiles managed internally by snapd...
[[0;32m  OK  [0m] Started Load AppArmor profiles managed internally by snapd.
[   14.367511] cloud-init[564]: Cloud-init v. 22.2-0ubuntu1~18.04.3 running 'init-local' at Mon, 07 Nov 2022 22:57:46 +0000. Up 14.02 seconds.
[[0;32m  OK  [0m] Started Initial cloud-init job (pre-networking).
[[0;32m  OK  [0m] Reached target Network (Pre).
         Starting Network Service...
[[0;32m  OK  [0m] Started Network Service.
         Starting Wait for Network to be Configured...
         Starting Network Name Resolution...
[[0;32m  OK  [0m] Started Network Name Resolution.
[[0;32m  OK  [0m] Reached target Host and Network Name Lookups.
[[0;32m  OK  [0m] Reached target Network.
[[0;32m  OK  [0m] Started Wait for Network to be Configured.
         Starting Initial cloud-init job (metadata service crawler)...
[   16.735196] cloud-init[697]: Cloud-init v. 22.2-0ubuntu1~18.04.3 running 'init' at Mon, 07 Nov 2022 22:57:49 +0000. Up 16.61 seconds.
[   16.749694] cloud-init[697]: ci-info: ++++++++++++++++++++++++++++++++++++++Net device info+++++++++++++++++++++++++++++++++++++++
[   16.752649] cloud-init[697]: ci-info: +--------+-------+----------------------------+---------------+--------+-------------------+
[   16.755566] cloud-init[697]: ci-info: | Device |   Up  |          Address           |      Mask     | Scope  |     Hw-Address    |
[   16.758757] cloud-init[697]: ci-info: +--------+-------+----------------------------+---------------+--------+-------------------+
[   16.761715] cloud-init[697]: ci-info: | enp0s3 |  True |         10.0.2.15          | 255.255.255.0 | global | 02:12:a5:46:f1:8c |
[   16.764925] cloud-init[697]: ci-info: | enp0s3 |  True | fe80::12:a5ff:fe46:f18c/64 |       .       |  link  | 02:12:a5:46:f1:8c |
[   16.770198] cloud-init[697]: ci-info: | enp0s8 | False |             .              |       .       |   .    | 08:00:27:8f:45:e2 |
[   16.773620] cloud-init[697]: ci-info: |   lo   |  True |         127.0.0.1          |   255.0.0.0   |  host  |         .         |
[   16.776881] cloud-init[697]: ci-info: |   lo   |  True |          ::1/128           |       .       |  host  |         .         |
[   16.780344] cloud-init[697]: ci-info: +--------+-------+----------------------------+---------------+--------+-------------------+
[   16.783474] cloud-init[697]: ci-info: ++++++++++++++++++++++++++++Route IPv4 info+++++++++++++++++++++++++++++
[   16.786135] cloud-init[697]: ci-info: +-------+-------------+----------+-----------------+-----------+-------+
[   16.789205] cloud-init[697]: ci-info: | Route | Destination | Gateway  |     Genmask     | Interface | Flags |
[   16.791823] cloud-init[697]: ci-info: +-------+-------------+----------+-----------------+-----------+-------+
[   16.794320] cloud-init[697]: ci-info: |   0   |   0.0.0.0   | 10.0.2.2 |     0.0.0.0     |   enp0s3  |   UG  |
[   16.796839] cloud-init[697]: ci-info: |   1   |   10.0.2.0  | 0.0.0.0  |  255.255.255.0  |   enp0s3  |   U   |
[   16.801598] cloud-init[697]: ci-info: |   2   |   10.0.2.2  | 0.0.0.0  | 255.255.255.255 |   enp0s3  |   UH  |
[   16.805170] cloud-init[697]: ci-info: +-------+-------------+----------+-----------------+-----------+-------+
[   16.807810] cloud-init[697]: ci-info: +++++++++++++++++++Route IPv6 info+++++++++++++++++++
[   16.810301] cloud-init[697]: ci-info: +-------+-------------+---------+-----------+-------+
[   16.812400] cloud-init[697]: ci-info: | Route | Destination | Gateway | Interface | Flags |
[   16.814448] cloud-init[697]: ci-info: +-------+-------------+---------+-----------+-------+
[   16.816513] cloud-init[697]: ci-info: |   1   |  fe80::/64  |    ::   |   enp0s3  |   U   |
[   16.818666] cloud-init[697]: ci-info: |   3   |    local    |    ::   |   enp0s3  |   U   |
[   16.820791] cloud-init[697]: ci-info: |   4   |   ff00::/8  |    ::   |   enp0s3  |   U   |
[   16.822749] cloud-init[697]: ci-info: +-------+-------------+---------+-----------+-------+
[   17.576481] cloud-init[697]: Generating public/private rsa key pair.
[   17.578606] cloud-init[697]: Your identification has been saved in /etc/ssh/ssh_host_rsa_key.
[   17.581467] cloud-init[697]: Your public key has been saved in /etc/ssh/ssh_host_rsa_key.pub.
[   17.584883] cloud-init[697]: The key fingerprint is:
[   17.588123] cloud-init[697]: SHA256:Z1zSaXx5bc1j/Fugqj3qZ1gEpIGc139cFO9k8RjKt0k root@ubuntu-bionic
[   17.592390] cloud-init[697]: The key's randomart image is:
[   17.595647] cloud-init[697]: +---[RSA 2048]----+
[   17.599062] cloud-init[697]: |   . o.o.    .+o |
[   17.602292] cloud-init[697]: |    + .oo  + oo*=|
[   17.605880] cloud-init[697]: |     ..  o..O.E+@|
[   17.609298] cloud-init[697]: |         .o+o=.Xo|
[   17.612542] cloud-init[697]: |        S.+.. o +|
[   17.615527] cloud-init[697]: |         o..    o|
[   17.618872] cloud-init[697]: |         o.    . |
[   17.622088] cloud-init[697]: |        .o+      |
[   17.625628] cloud-init[697]: |       .++..     |
[   17.628730] cloud-init[697]: +----[SHA256]-----+[[0;32m  OK  [0m] Started Initial cloud-init job (metadata service crawler).
[[0;32m  OK  [0m] 
[   17.636837] cloud-init[697]: Generating public/private dsa key pair.
[   17.636989] cloud-init[697]: Your identification has been saved in /etc/ssh/ssh_host_dsa_key.
[   17.637018] cloud-init[697]: Your public key has been saved in /etc/ssh/ssh_host_dsa_key.pub.
[   17.637333] cloud-init[697]: The key fingerprint is:
[   17.637915] cloud-init[697]: SHA256:0atIyU5OfvxP9ZVg7y3cT7Wdxilj7MEmz3xH0urpQZ8 root@ubuntu-bionic
[   17.638185] cloud-init[697]: The key's randomart image is:
[   17.639054] cloud-init[697]: +---[DSA 1024]----+
[   17.639342] cloud-init[697]: |                 |
[   17.639754] cloud-init[697]: |         .       |
[   17.639891] cloud-init[697]: |        . .  o   |
[   17.640499] cloud-init[697]: |     . . . .. o .|
[   17.640778] cloud-init[697]: |      * S .   o+o|
[   17.641063] cloud-init[697]: |     B o .  o+++%|
[   17.641346] cloud-init[697]: |      = +  ..O+EB|
[   17.641671] cloud-init[697]: |       . . .O **o|
[   17.641963] cloud-init[697]: |          ...B= o|
[   17.642252] cloud-init[697]: +----[SHA256]-----+
[   17.642549] cloud-init[697]: Generating public/private ecdsa key pair.
[   17.642848] cloud-init[697]: Your identification has been saved in /etc/ssh/ssh_host_ecdsa_key.
[   17.643740] cloud-init[697]: Your public key has been saved in /etc/ssh/ssh_host_ecdsa_key.pub.
[   17.644029] cloud-init[697]: The key fingerprint is:
[   17.644654] cloud-init[697]: SHA256:15A27qW8UJh7McDPqNvhK6HvUPpxWSnShWLkP3ld1r4 root@ubuntu-bionic
[   17.644942] cloud-init[697]: The key's randomart image is:
[   17.645238] cloud-init[697]: +---[ECDSA 256]---+
[   17.645593] cloud-init[697]: |      .          |
[   17.645864] cloud-init[697]: |     o . . .   . |
[   17.646152] cloud-init[697]: |      + + *   o .|
[   17.646451] cloud-init[697]: |     . + % * o . |
[   17.646740] cloud-init[697]: |      o S % +   .|
[   17.647031] cloud-init[697]: |     o.o % =    .|
[   17.647324] cloud-init[697]: |    o.o.* =    E |
[   17.647643] cloud-init[697]: |    .o.* + .     |
[   17.647994] cloud-init[697]: |     o=.+..      |
[   17.648647] cloud-init[697]: +----[SHA256]-----+
[   17.648931] cloud-init[697]: Generating public/private ed25519 key pair.
[   17.649221] cloud-init[697]: Your identification has been saved in /etc/ssh/ssh_host_ed25519_key.
[   17.649544] cloud-init[697]: Your public key has been saved in /etc/ssh/ssh_host_ed25519_key.pub.
[   17.649825] cloud-init[697]: The key fingerprint is:
[   17.650115] cloud-init[697]: SHA256:Xo6RZoKp6BuSuV6KgfAa5OsSEl3Dbu+pYOPQzY3eaOM root@ubuntu-bionic
[   17.650426] cloud-init[697]: The key's randomart image is:
[   17.650709] cloud-init[697]: +--[ED25519 256]--+
[   17.650998] cloud-init[697]: |   .             |
[   17.651291] cloud-init[697]: |    +            |
[   17.651600] cloud-init[697]: | . o .           |
[   17.651891] cloud-init[697]: |. . oo   .       |
[   17.652543] cloud-init[697]: |.o .o.. S .      |
[   17.652835] cloud-init[697]: |B* + o.= =       |
[   17.653113] cloud-init[697]: |@+B.+...o .      |
[   17.653429] cloud-init[697]: |=O=+ooo          |
[   17.653731] cloud-init[697]: |BBooEo.          |
[   17.654005] cloud-init[697]: +----[SHA256]-----+
Reached target Network is Online.
         Starting Availability of block devices...
[[0;32m  OK  [0m] Reached target Remote File Systems (Pre).
[[0;32m  OK  [0m] Reached target Remote File Systems.
[[0;32m  OK  [0m] Reached target Cloud-config availability.
[[0;32m  OK  [0m] Reached target System Initialization.
[[0;32m  OK  [0m] Started Ubuntu Advantage Timer for running repeated jobs.
[[0;32m  OK  [0m] Started ACPI Events Check.
         Starting LXD - unix socket.
[[0;32m  OK  [0m] Listening on D-Bus System Message Bus Socket.
         Starting Socket activation for snappy daemon.
[[0;32m  OK  [0m] Listening on Open-iSCSI iscsid Socket.
[[0;32m  OK  [0m] Listening on ACPID Listen Socket.
[[0;32m  OK  [0m] Reached target Paths.
[[0;32m  OK  [0m] Started Message of the Day.
[[0;32m  OK  [0m] Started Discard unused blocks once a week.
[[0;32m  OK  [0m] Started Daily apt download activities.
[[0;32m  OK  [0m] Started Daily apt upgrade and clean activities.
[[0;32m  OK  [0m] Started Daily Cleanup of Temporary Directories.
[[0;32m  OK  [0m] Reached target Timers.
[[0;32m  OK  [0m] Listening on UUID daemon activation socket.
[[0;32m  OK  [0m] Listening on cloud-init hotplug hook socket.
[[0;32m  OK  [0m] Started Availability of block devices.
[[0;32m  OK  [0m] Listening on LXD - unix socket.
[[0;32m  OK  [0m] Listening on Socket activation for snappy daemon.
[[0;32m  OK  [0m] Reached target Sockets.
[[0;32m  OK  [0m] Reached target Basic System.
         Starting LSB: Record successful boot for GRUB...
[[0;32m  OK  [0m] Started D-Bus System Message Bus.
[[0;32m  OK  [0m] Started Regular background program processing daemon.
         Starting Permit User Sessions...
         Starting Accounts Service...
         Starting Virtualbox guest utils...
[[0;32m  OK  [0m] Started irqbalance daemon.
         Starting Login Service...
         Starting Pollinate to seed the pseudo random number generator...
         Starting LXD - container startup/shutdown...
         Starting Dispatcher daemon for systemd-networkd...
         Starting System Logging Service...
[[0;32m  OK  [0m] Started FUSE filesystem for LXC.
         Starting LSB: automatic crash report generation...
[[0;32m  OK  [0m] Started Deferred execution scheduler.
         Starting Snap Daemon...
[[0;32m  OK  [0m] Started System Logging Service.
[[0;32m  OK  [0m] Started Permit User Sessions.
[[0;32m  OK  [0m] Started LXD - container startup/shutdown.
[[0;32m  OK  [0m] Started Login Service.
[[0;32m  OK  [0m] Started Unattended Upgrades Shutdown.
         Starting Authorization Manager...
         Starting Terminate Plymouth Boot Screen...
         Starting Hold until boot process finishes up...
[[0;32m  OK  [0m] Started Hold until boot process finishes up.
[[0;32m  OK  [0m] Started Terminate Plymouth Boot Screen.
         Starting Set console scheme...
[[0;32m  OK  [0m] Started Serial Getty on ttyS0.
[[0;32m  OK  [0m] Started LSB: automatic crash report generation.
[[0;32m  OK  [0m] Started LSB: Record successful boot for GRUB.
[[0;32m  OK  [0m] Started Set console scheme.
[[0;32m  OK  [0m] Created slice system-getty.slice.
[[0;32m  OK  [0m] Started Getty on tty1.
[[0;32m  OK  [0m] Reached target Login Prompts.
[[0;32m  OK  [0m] Started Authorization Manager.
[[0;32m  OK  [0m] Started Accounts Service.
[[0;32m  OK  [0m] Started Virtualbox guest utils.
[[0;32m  OK  [0m] Started Dispatcher daemon for systemd-networkd.
[[0;32m  OK  [0m] Started Snap Daemon.
         Starting Wait until snapd is fully seeded...
         Starting Time & Date Service...
[[0;32m  OK  [0m] Started Time & Date Service.
[[0;32m  OK  [0m] Started Pollinate to seed the pseudo random number generator.
         Starting OpenBSD Secure Shell server...
[[0;32m  OK  [0m] Started OpenBSD Secure Shell server.
[[0;32m  OK  [0m] Created slice User Slice of vagrant.
         Starting User Manager for UID 1000...
[[0;32m  OK  [0m] Started Session 1 of user vagrant.
[[0;32m  OK  [0m] Started User Manager for UID 1000.
[[0;32m  OK  [0m] Started Wait until snapd is fully seeded.
         Starting Apply the settings specified in cloud-config...
[   22.451742] cloud-init[1341]: Cloud-init v. 22.2-0ubuntu1~18.04.3 running 'modules:config' at Mon, 07 Nov 2022 22:57:54 +0000. Up 21.54 seconds.
[[0;32m  OK  [0m] Started Apply the settings specified in cloud-config.
[[0;32m  OK  [0m] Reached target Multi-User System.
[[0;32m  OK  [0m] Reached target Graphical Interface.
         Starting Execute cloud user/final scripts...
         Starting Update UTMP about System Runlevel Changes...
[[0;32m  OK  [0m] Started Update UTMP about System Runlevel Changes.
ci-info: no authorized SSH keys fingerprints found for user ubuntu.
<14>Nov  7 22:57:55 cloud-init: #############################################################
<14>Nov  7 22:57:55 cloud-init: -----BEGIN SSH HOST KEY FINGERPRINTS-----
<14>Nov  7 22:57:55 cloud-init: 1024 SHA256:0atIyU5OfvxP9ZVg7y3cT7Wdxilj7MEmz3xH0urpQZ8 root@ubuntu-bionic (DSA)
<14>Nov  7 22:57:55 cloud-init: 256 SHA256:15A27qW8UJh7McDPqNvhK6HvUPpxWSnShWLkP3ld1r4 root@ubuntu-bionic (ECDSA)
<14>Nov  7 22:57:55 cloud-init: 256 SHA256:Xo6RZoKp6BuSuV6KgfAa5OsSEl3Dbu+pYOPQzY3eaOM root@ubuntu-bionic (ED25519)
<14>Nov  7 22:57:55 cloud-init: 2048 SHA256:Z1zSaXx5bc1j/Fugqj3qZ1gEpIGc139cFO9k8RjKt0k root@ubuntu-bionic (RSA)
<14>Nov  7 22:57:55 cloud-init: -----END SSH HOST KEY FINGERPRINTS-----
<14>Nov  7 22:57:55 cloud-init: #############################################################
-----BEGIN SSH HOST KEY KEYS-----
ecdsa-sha2-nistp256 AAAAE2VjZHNhLXNoYTItbmlzdHAyNTYAAAAIbmlzdHAyNTYAAABBBB/94XzNRSqIV2Ch0QRJHmAYrdhRcYeLKyCFhbNnU8FDL5gIkBJxIoWJTUFMnArQI1DLKWrlenXk1sqtwmyBPAc= root@ubuntu-bionic
ssh-ed25519 AAAAC3NzaC1lZDI1NTE5AAAAIMdr7J3LtIX5aME4pBhNCQEF1maHjlSXKwuck/GzLzFC root@ubuntu-bionic
ssh-rsa AAAAB3NzaC1yc2EAAAADAQABAAABAQCzKNNYg9sIg3JHiKDisPa0sB+Z5bZOfwWxE7J2Z8AyQizIKD7KyHoPNo80yBX+SCXZO2iO+420p7v6ybsz4K34EB2HrX0L11Zu15suILtRZstK/SrR0FWmAUR8SXz+Q/3RAmeoEkiwd+4cY0Hbywgr+YiDFHVCpqDi8Swa3RQfcF962t+xP6o2RQBAe6Rzm3wzymMxdVEEfKFXk0ICymUcu28hD9sYbS3VXCuWFoouarwXUXXRs0kUq77q+r+A9eumC7J9s1ee+6vV7ESGx5mnFDnUPjgsav8DiJlLjK6Mb/xD4lhflglX+IHLKpcTlqnLMXRR6cIzx0jPZLWRFi0V root@ubuntu-bionic
-----END SSH HOST KEY KEYS-----
[   23.052550] cloud-init[1441]: Cloud-init v. 22.2-0ubuntu1~18.04.3 running 'modules:final' at Mon, 07 Nov 2022 22:57:55 +0000. Up 22.86 seconds.
[   23.060142] cloud-init[1441]: Cloud-init v. 22.2-0ubuntu1~18.04.3 finished at Mon, 07 Nov 2022 22:57:55 +0000. Datasource DataSourceNoCloud [seed=/dev/sdb][dsmode=net].  Up 23.04 seconds
[[0;32m  OK  [0m] Started Execute cloud user/final scripts.
[[0;32m  OK  [0m] Reached target Cloud-init target.

Ubuntu 18.04.6 LTS ubuntu-bionic ttyS0

ubuntu-bionic login: 