[    0.000000] Linux version 4.15.0-193-generic (buildd@lcy02-amd64-022) (gcc version 7.5.0 (Ubuntu 7.5.0-3ubuntu1~18.04)) #204-Ubuntu SMP Fri Aug 26 19:20:21 UTC 2022 (Ubuntu 4.15.0-193.204-generic 4.15.18)
[    0.000000] Command line: BOOT_IMAGE=/boot/vmlinuz-4.15.0-193-generic root=LABEL=cloudimg-rootfs ro console=tty1 console=ttyS0
[    0.000000] KERNEL supported cpus:
[    0.000000]   Intel GenuineIntel
[    0.000000]   AMD AuthenticAMD
[    0.000000]   Centaur CentaurHauls
[    0.000000] x86/fpu: x87 FPU will use FXSAVE
[    0.000000] e820: BIOS-provided physical RAM map:
[    0.000000] BIOS-e820: [mem 0x0000000000000000-0x000000000009fbff] usable
[    0.000000] BIOS-e820: [mem 0x000000000009fc00-0x000000000009ffff] reserved
[    0.000000] BIOS-e820: [mem 0x00000000000f0000-0x00000000000fffff] reserved
[    0.000000] BIOS-e820: [mem 0x0000000000100000-0x000000007ffeffff] usable
[    0.000000] BIOS-e820: [mem 0x000000007fff0000-0x000000007fffffff] ACPI data
[    0.000000] BIOS-e820: [mem 0x00000000fec00000-0x00000000fec00fff] reserved
[    0.000000] BIOS-e820: [mem 0x00000000fee00000-0x00000000fee00fff] reserved
[    0.000000] BIOS-e820: [mem 0x00000000fffc0000-0x00000000ffffffff] reserved
[    0.000000] NX (Execute Disable) protection: active
[    0.000000] SMBIOS 2.5 present.
[    0.000000] DMI: innotek GmbH VirtualBox/VirtualBox, BIOS VirtualBox 12/01/2006
[    0.000000] Hypervisor detected: KVM
[    0.000000] e820: last_pfn = 0x7fff0 max_arch_pfn = 0x400000000
[    0.000000] MTRR: Disabled
[    0.000000] x86/PAT: MTRRs disabled, skipping PAT initialization too.
[    0.000000] CPU MTRRs all blank - virtualized system.
[    0.000000] x86/PAT: Configuration [0-7]: WB  WT  UC- UC  WB  WT  UC- UC  
[    0.000000] found SMP MP-table at [mem 0x0009fff0-0x0009ffff]
[    0.000000] Scanning 1 areas for low memory corruption
[    0.000000] RAMDISK: [mem 0x359cb000-0x36cdcfff]
[    0.000000] ACPI: Early table checksum verification disabled
[    0.000000] ACPI: RSDP 0x00000000000E0000 000024 (v02 VBOX  )
[    0.000000] ACPI: XSDT 0x000000007FFF0030 00003C (v01 VBOX   VBOXXSDT 00000001 ASL  00000061)
[    0.000000] ACPI: FACP 0x000000007FFF00F0 0000F4 (v04 VBOX   VBOXFACP 00000001 ASL  00000061)
[    0.000000] ACPI: DSDT 0x000000007FFF0470 002325 (v02 VBOX   VBOXBIOS 00000002 INTL 20100528)
[    0.000000] ACPI: FACS 0x000000007FFF0200 000040
[    0.000000] ACPI: FACS 0x000000007FFF0200 000040
[    0.000000] ACPI: APIC 0x000000007FFF0240 00005C (v02 VBOX   VBOXAPIC 00000001 ASL  00000061)
[    0.000000] ACPI: SSDT 0x000000007FFF02A0 0001CC (v01 VBOX   VBOXCPUT 00000002 INTL 20100528)
[    0.000000] ACPI: Reserving FACP table memory at [mem 0x7fff00f0-0x7fff01e3]
[    0.000000] ACPI: Reserving DSDT table memory at [mem 0x7fff0470-0x7fff2794]
[    0.000000] ACPI: Reserving FACS table memory at [mem 0x7fff0200-0x7fff023f]
[    0.000000] ACPI: Reserving FACS table memory at [mem 0x7fff0200-0x7fff023f]
[    0.000000] ACPI: Reserving APIC table memory at [mem 0x7fff0240-0x7fff029b]
[    0.000000] ACPI: Reserving SSDT table memory at [mem 0x7fff02a0-0x7fff046b]
[    0.000000] No NUMA configuration found
[    0.000000] Faking a node at [mem 0x0000000000000000-0x000000007ffeffff]
[    0.000000] NODE_DATA(0) allocated [mem 0x7ffc5000-0x7ffeffff]
[    0.000000] kvm-clock: cpu 0, msr 0:7ff44001, primary cpu clock
[    0.000000] kvm-clock: Using msrs 4b564d01 and 4b564d00
[    0.000000] kvm-clock: using sched offset of 3952227417 cycles
[    0.000000] clocksource: kvm-clock: mask: 0xffffffffffffffff max_cycles: 0x1cd42e4dffb, max_idle_ns: 881590591483 ns
[    0.000000] Zone ranges:
[    0.000000]   DMA      [mem 0x0000000000001000-0x0000000000ffffff]
[    0.000000]   DMA32    [mem 0x0000000001000000-0x000000007ffeffff]
[    0.000000]   Normal   empty
[    0.000000]   Device   empty
[    0.000000] Movable zone start for each node
[    0.000000] Early memory node ranges
[    0.000000]   node   0: [mem 0x0000000000001000-0x000000000009efff]
[    0.000000]   node   0: [mem 0x0000000000100000-0x000000007ffeffff]
[    0.000000] Reserved but unavailable: 104 pages
[    0.000000] Initmem setup node 0 [mem 0x0000000000001000-0x000000007ffeffff]
[    0.000000] ACPI: PM-Timer IO Port: 0x4008
[    0.000000] IOAPIC[0]: apic_id 2, version 32, address 0xfec00000, GSI 0-23
[    0.000000] ACPI: INT_SRC_OVR (bus 0 bus_irq 0 global_irq 2 dfl dfl)
[    0.000000] ACPI: INT_SRC_OVR (bus 0 bus_irq 9 global_irq 9 low level)
[    0.000000] Using ACPI (MADT) for SMP configuration information
[    0.000000] smpboot: Allowing 2 CPUs, 0 hotplug CPUs
[    0.000000] PM: Registered nosave memory: [mem 0x00000000-0x00000fff]
[    0.000000] PM: Registered nosave memory: [mem 0x0009f000-0x0009ffff]
[    0.000000] PM: Registered nosave memory: [mem 0x000a0000-0x000effff]
[    0.000000] PM: Registered nosave memory: [mem 0x000f0000-0x000fffff]
[    0.000000] e820: [mem 0x80000000-0xfebfffff] available for PCI devices
[    0.000000] Booting paravirtualized kernel on KVM
[    0.000000] clocksource: refined-jiffies: mask: 0xffffffff max_cycles: 0xffffffff, max_idle_ns: 7645519600211568 ns
[    0.000000] random: get_random_bytes called from start_kernel+0x99/0x500 with crng_init=0
[    0.000000] setup_percpu: NR_CPUS:8192 nr_cpumask_bits:2 nr_cpu_ids:2 nr_node_ids:1
[    0.000000] percpu: Embedded 50 pages/cpu s167936 r8192 d28672 u1048576
[    0.000000] PV qspinlock hash table entries: 256 (order: 0, 4096 bytes)
[    0.000000] Built 1 zonelists, mobility grouping on.  Total pages: 515961
[    0.000000] Policy zone: DMA32
[    0.000000] Kernel command line: BOOT_IMAGE=/boot/vmlinuz-4.15.0-193-generic root=LABEL=cloudimg-rootfs ro console=tty1 console=ttyS0
[    0.000000] Memory: 2014840K/2096696K available (12300K kernel code, 2484K rwdata, 4324K rodata, 2468K init, 2724K bss, 81856K reserved, 0K cma-reserved)
[    0.000000] SLUB: HWalign=64, Order=0-3, MinObjects=0, CPUs=2, Nodes=1
[    0.000000] ftrace: allocating 39483 entries in 155 pages
[    0.004000] Hierarchical RCU implementation.
[    0.004000] 	RCU restricting CPUs from NR_CPUS=8192 to nr_cpu_ids=2.
[    0.004000] 	Tasks RCU enabled.
[    0.004000] RCU: Adjusting geometry for rcu_fanout_leaf=16, nr_cpu_ids=2
[    0.004000] NR_IRQS: 524544, nr_irqs: 440, preallocated irqs: 16
[    0.004000] Console: colour VGA+ 80x25
[    0.004000] console [tty1] enabled
[    0.004000] console [ttyS0] enabled
[    0.004000] ACPI: Core revision 20170831
[    0.004000] ACPI: 2 ACPI AML tables successfully acquired and loaded
[    0.004000] APIC: Switch to symmetric I/O mode setup
[    0.004000] ..TIMER: vector=0x30 apic1=0 pin1=2 apic2=-1 pin2=-1
[    0.004000] tsc: Detected 2904.008 MHz processor
[    0.004000] Calibrating delay loop (skipped) preset value.. 5808.01 BogoMIPS (lpj=11616032)
[    0.004000] pid_max: default: 32768 minimum: 301
[    0.004000] Security Framework initialized
[    0.004000] Yama: becoming mindful.
[    0.004000] AppArmor: AppArmor initialized
[    0.004000] Dentry cache hash table entries: 262144 (order: 9, 2097152 bytes)
[    0.008063] Inode-cache hash table entries: 131072 (order: 8, 1048576 bytes)
[    0.012130] Mount-cache hash table entries: 4096 (order: 3, 32768 bytes)
[    0.016107] Mountpoint-cache hash table entries: 4096 (order: 3, 32768 bytes)
[    0.024126] Last level iTLB entries: 4KB 64, 2MB 8, 4MB 8
[    0.028002] Last level dTLB entries: 4KB 64, 2MB 0, 4MB 0, 1GB 4
[    0.032006] Spectre V1 : Mitigation: usercopy/swapgs barriers and __user pointer sanitization
[    0.036006] Spectre V2 : Mitigation: Enhanced IBRS
[    0.040002] Spectre V2 : Spectre v2 / SpectreRSB mitigation: Filling RSB on context switch
[    0.044005] Speculative Store Bypass: Vulnerable
[    0.048048] MMIO Stale Data: Vulnerable: Clear CPU buffers attempted, no microcode
[    0.052155] Freeing SMP alternatives memory: 36K
[    0.180135] APIC calibration not consistent with PM-Timer: 104ms instead of 100ms
[    0.184000] APIC delta adjusted to PM-Timer: 6420009 (6692877)
[    0.184298] smpboot: CPU0: Intel(R) Core(TM) i5-10400F CPU @ 2.90GHz (family: 0x6, model: 0xa5, stepping: 0x3)
[    0.192047] Performance Events: unsupported p6 CPU model 165 no PMU driver, software events only.
[    0.196111] Hierarchical SRCU implementation.
[    0.200707] NMI watchdog: Perf event create on CPU 0 failed with -2
[    0.204004] NMI watchdog: Perf NMI watchdog permanently disabled
[    0.208304] smp: Bringing up secondary CPUs ...
[    0.216093] x86: Booting SMP configuration:
[    0.219420] .... node  #0, CPUs:      #1
[    0.004000] kvm-clock: cpu 1, msr 0:7ff44041, secondary cpu clock
[    0.228093] smp: Brought up 1 node, 2 CPUs
[    0.231190] smpboot: Max logical packages: 1
[    0.232006] smpboot: Total of 2 processors activated (11616.03 BogoMIPS)
[    0.240084] devtmpfs: initialized
[    0.243291] x86/mm: Memory block size: 128MB
[    0.244480] evm: security.selinux
[    0.248002] evm: security.SMACK64
[    0.250373] evm: security.SMACK64EXEC
[    0.252004] evm: security.SMACK64TRANSMUTE
[    0.256002] evm: security.SMACK64MMAP
[    0.258594] evm: security.apparmor
[    0.260002] evm: security.ima
[    0.262150] evm: security.capability
[    0.264411] clocksource: jiffies: mask: 0xffffffff max_cycles: 0xffffffff, max_idle_ns: 7645041785100000 ns
[    0.268008] futex hash table entries: 512 (order: 3, 32768 bytes)
[    0.272154] pinctrl core: initialized pinctrl subsystem
[    0.280205] RTC time:  4:10:29, date: 09/30/22
[    0.285008] NET: Registered protocol family 16
[    0.288483] audit: initializing netlink subsys (disabled)
[    0.292194] audit: type=2000 audit(1664511035.158:1): state=initialized audit_enabled=0 res=1
[    0.300007] cpuidle: using governor ladder
[    0.304009] cpuidle: using governor menu
[    0.307075] ACPI: bus type PCI registered
[    0.308004] acpiphp: ACPI Hot Plug PCI Controller Driver version: 0.5
[    0.312460] PCI: Using configuration type 1 for base access
[    0.320549] HugeTLB registered 2.00 MiB page size, pre-allocated 0 pages
[    0.328450] ACPI: Added _OSI(Module Device)
[    0.332011] ACPI: Added _OSI(Processor Device)
[    0.336003] ACPI: Added _OSI(3.0 _SCP Extensions)
[    0.340000] ACPI: Added _OSI(Processor Aggregator Device)
[    0.344013] ACPI: Added _OSI(Linux-Dell-Video)
[    0.347064] ACPI: Added _OSI(Linux-Lenovo-NV-HDMI-Audio)
[    0.348005] ACPI: Added _OSI(Linux-HPI-Hybrid-Graphics)
[    0.352758] ACPI: Executed 1 blocks of module-level executable AML code
[    0.360490] ACPI: Interpreter enabled
[    0.363447] ACPI: (supports S0 S5)
[    0.364007] ACPI: Using IOAPIC for interrupt routing
[    0.368372] PCI: Using host bridge windows from ACPI; if necessary, use "pci=nocrs" and report a bug
[    0.372240] ACPI: Enabled 2 GPEs in block 00 to 07
[    0.385332] ACPI: PCI Root Bridge [PCI0] (domain 0000 [bus 00-ff])
[    0.388007] acpi PNP0A03:00: _OSC: OS supports [ASPM ClockPM Segments MSI]
[    0.392698] acpi PNP0A03:00: _OSC: not requesting OS control; OS requires [ExtendedConfig ASPM ClockPM MSI]
[    0.396015] acpi PNP0A03:00: fail to add MMCONFIG information, can't access extended PCI configuration space under this bridge.
[    0.404461] PCI host bridge to bus 0000:00
[    0.407673] pci_bus 0000:00: root bus resource [io  0x0000-0x0cf7 window]
[    0.408004] pci_bus 0000:00: root bus resource [io  0x0d00-0xffff window]
[    0.412007] pci_bus 0000:00: root bus resource [mem 0x000a0000-0x000bffff window]
[    0.416009] pci_bus 0000:00: root bus resource [mem 0x80000000-0xfdffffff window]
[    0.420009] pci_bus 0000:00: root bus resource [bus 00-ff]
[    0.430020] pci 0000:00:01.1: legacy IDE quirk: reg 0x10: [io  0x01f0-0x01f7]
[    0.432007] pci 0000:00:01.1: legacy IDE quirk: reg 0x14: [io  0x03f6]
[    0.436003] pci 0000:00:01.1: legacy IDE quirk: reg 0x18: [io  0x0170-0x0177]
[    0.440008] pci 0000:00:01.1: legacy IDE quirk: reg 0x1c: [io  0x0376]
[    0.466452] pci 0000:00:07.0: quirk: [io  0x4000-0x403f] claimed by PIIX4 ACPI
[    0.468042] pci 0000:00:07.0: quirk: [io  0x4100-0x410f] claimed by PIIX4 SMB
[    0.482796] ACPI: PCI Interrupt Link [LNKA] (IRQs 5 9 10 *11)
[    0.484537] ACPI: PCI Interrupt Link [LNKB] (IRQs 5 9 *10 11)
[    0.492193] ACPI: PCI Interrupt Link [LNKC] (IRQs 5 *9 10 11)
[    0.496185] ACPI: PCI Interrupt Link [LNKD] (IRQs 5 9 10 *11)
[    0.500666] SCSI subsystem initialized
[    0.504188] pci 0000:00:02.0: vgaarb: setting as boot VGA device
[    0.508000] pci 0000:00:02.0: vgaarb: VGA device added: decodes=io+mem,owns=io+mem,locks=none
[    0.508010] pci 0000:00:02.0: vgaarb: bridge control possible
[    0.512007] vgaarb: loaded
[    0.516110] ACPI: bus type USB registered
[    0.520022] usbcore: registered new interface driver usbfs
[    0.524024] usbcore: registered new interface driver hub
[    0.528017] usbcore: registered new device driver usb
[    0.532228] EDAC MC: Ver: 3.0.0
[    0.536741] PCI: Using ACPI for IRQ routing
[    0.540700] NetLabel: Initializing
[    0.544005] NetLabel:  domain hash size = 128
[    0.548003] NetLabel:  protocols = UNLABELED CIPSOv4 CALIPSO
[    0.552135] NetLabel:  unlabeled traffic allowed by default
[    0.556191] clocksource: Switched to clocksource kvm-clock
[    0.564441] VFS: Disk quotas dquot_6.6.0
[    0.564441] VFS: Dquot-cache hash table entries: 512 (order 0, 4096 bytes)
[    0.564441] AppArmor: AppArmor Filesystem Enabled
[    0.564441] pnp: PnP ACPI init
[    0.564441] pnp: PnP ACPI: found 3 devices
[    0.649474] clocksource: acpi_pm: mask: 0xffffff max_cycles: 0xffffff, max_idle_ns: 2085701024 ns
[    0.652506] NET: Registered protocol family 2
[    0.652506] IP idents hash table entries: 32768 (order: 6, 262144 bytes)
[    0.666840] TCP established hash table entries: 16384 (order: 5, 131072 bytes)
[    0.672490] TCP bind hash table entries: 16384 (order: 6, 262144 bytes)
[    0.677786] TCP: Hash tables configured (established 16384 bind 16384)
[    0.681023] UDP hash table entries: 1024 (order: 3, 32768 bytes)
[    0.681023] UDP-Lite hash table entries: 1024 (order: 3, 32768 bytes)
[    0.681023] NET: Registered protocol family 1
[    0.681023] pci 0000:00:00.0: Limiting direct PCI/PCI transfers
[    0.681023] pci 0000:00:01.0: Activating ISA DMA hang workarounds
[    0.681023] pci 0000:00:02.0: Video device with shadowed ROM at [mem 0x000c0000-0x000dffff]
[    0.681023] Unpacking initramfs...
[    0.681023] Freeing initrd memory: 19528K
[    0.681023] clocksource: tsc: mask: 0xffffffffffffffff max_cycles: 0x29dc0d988f1, max_idle_ns: 440795328788 ns
[    0.681023] platform rtc_cmos: registered platform RTC device (no PNP device found)
[    0.681023] Scanning for low memory corruption every 60 seconds
[    1.124887] Initialise system trusted keyrings
[    1.127992] Key type blacklist registered
[    1.132064] workingset: timestamp_bits=36 max_order=19 bucket_order=0
[    1.138564] zbud: loaded
[    1.142045] squashfs: version 4.0 (2009/01/31) Phillip Lougher
[    1.148473] fuse init (API version 7.26)
[    1.170006] Key type asymmetric registered
[    1.173798] Asymmetric key parser 'x509' registered
[    1.177440] Block layer SCSI generic (bsg) driver version 0.4 loaded (major 246)
[    1.183402] io scheduler noop registered
[    1.186369] io scheduler deadline registered
[    1.189887] io scheduler cfq registered (default)
[    1.194050] ACPI: AC Adapter [AC] (on-line)
[    1.197191] input: Power Button as /devices/LNXSYSTM:00/LNXPWRBN:00/input/input0
[    1.204718] ACPI: Power Button [PWRF]
[    1.208362] input: Sleep Button as /devices/LNXSYSTM:00/LNXSLPBN:00/input/input1
[    1.214847] ACPI: Sleep Button [SLPF]
[    1.219644] Serial: 8250/16550 driver, 32 ports, IRQ sharing enabled
[    1.250459] 00:02: ttyS0 at I/O 0x3f8 (irq = 4, base_baud = 115200) is a 16550A
[    1.274695] Linux agpgart interface v0.103
[    1.287205] loop: module loaded
[    1.292915] scsi host0: ata_piix
[    1.297359] scsi host1: ata_piix
[    1.299734] ata1: PATA max UDMA/33 cmd 0x1f0 ctl 0x3f6 bmdma 0xd000 irq 14
[    1.305164] ata2: PATA max UDMA/33 cmd 0x170 ctl 0x376 bmdma 0xd008 irq 15
[    1.310977] tun: Universal TUN/TAP device driver, 1.6
[    1.316098] PPP generic driver version 2.4.2
[    1.320111] ehci_hcd: USB 2.0 'Enhanced' Host Controller (EHCI) Driver
[    1.325414] ehci-pci: EHCI PCI platform driver
[    1.328489] ehci-platform: EHCI generic platform driver
[    1.332525] ohci_hcd: USB 1.1 'Open' Host Controller (OHCI) Driver
[    1.337123] ohci-pci: OHCI PCI platform driver
[    1.340300] ohci-platform: OHCI generic platform driver
[    1.343825] uhci_hcd: USB Universal Host Controller Interface driver
[    1.348275] i8042: PNP: PS/2 Controller [PNP0303:PS2K,PNP0f03:PS2M] at 0x60,0x64 irq 1,12
[    1.356430] serio: i8042 KBD port at 0x60,0x64 irq 1
[    1.360151] serio: i8042 AUX port at 0x60,0x64 irq 12
[    1.364670] mousedev: PS/2 mouse device common for all mice
[    1.372723] rtc_cmos rtc_cmos: rtc core: registered rtc_cmos as rtc0
[    1.377511] input: AT Translated Set 2 keyboard as /devices/platform/i8042/serio0/input/input2
[    1.380427] rtc_cmos rtc_cmos: alarms up to one day, 114 bytes nvram
[    1.389007] i2c /dev entries driver
[    1.391987] device-mapper: uevent: version 1.0.3
[    1.396390] device-mapper: ioctl: 4.37.0-ioctl (2017-09-20) initialised: dm-devel@redhat.com
[    1.403043] ledtrig-cpu: registered to indicate activity on CPUs
[    1.410297] NET: Registered protocol family 10
[    1.420347] Segment Routing with IPv6
[    1.423548] NET: Registered protocol family 17
[    1.427287] Key type dns_resolver registered
[    1.431245] mce: Using 0 MCE banks
[    1.434201] RAS: Correctable Errors collector initialized.
[    1.438700] sched_clock: Marking stable (1438654651, 0)->(2151915602, -713260951)
[    1.447728] registered taskstats version 1
[    1.451162] Loading compiled-in X.509 certificates
[    1.458189] Loaded X.509 cert 'Build time autogenerated kernel key: b9e621348ccbcfe28d0c51e4c3b595dc856bdd44'
[    1.466050] Loaded X.509 cert 'Canonical Ltd. Live Patch Signing: 14df34d1a87cf37625abec039ef2bf521249b969'
[    1.476787] Loaded X.509 cert 'Canonical Ltd. Kernel Module Signing: 88f752e560a1e0737e31163a466ad7b70a850c19'
[    1.484186] blacklist: Loading compiled-in revocation X.509 certificates
[    1.489214] Loaded X.509 cert 'Canonical Ltd. Secure Boot Signing: 61482aa2830d0ab2ad5af10b7250da9033ddcef0'
[    1.496160] zswap: loaded using pool lzo/zbud
[    1.529648] Key type big_key registered
[    1.533816] Key type trusted registered
[    1.539519] Key type encrypted registered
[    1.542914] AppArmor: AppArmor sha1 policy hashing enabled
[    1.547241] ima: No TPM chip found, activating TPM-bypass! (rc=-19)
[    1.551871] ima: Allocated hash algorithm: sha1
[    1.555363] evm: HMAC attrs: 0x1
[    1.558534]   Magic number: 6:312:162
[    1.562036] rtc_cmos rtc_cmos: setting system clock to 2022-09-30 04:10:31 UTC (1664511031)
[    1.568328] BIOS EDD facility v0.16 2004-Jun-25, 0 devices found
[    1.572506] EDD information not available.
[    1.578698] Freeing unused kernel image memory: 2468K
[    1.596616] Write protecting the kernel read-only data: 20480k
[    1.602956] Freeing unused kernel image memory: 2008K
[    1.607349] Freeing unused kernel image memory: 1820K
[    1.617521] x86/mm: Checked W+X mappings: passed, no W+X pages found.
Loading, please wait...
starting version 237
[    1.699370] Fusion MPT base driver 3.04.20
[    1.703216] Copyright (c) 1999-2008 LSI Corporation
[    1.709874] e1000: Intel(R) PRO/1000 Network Driver - version 7.3.21-k8-NAPI
[    1.715899] e1000: Copyright (c) 1999-2006 Intel Corporation.
[    1.736394] Fusion MPT SPI Host driver 3.04.20
[    1.944920] input: ImExPS/2 Generic Explorer Mouse as /devices/platform/i8042/serio1/input/input4
[    2.364550] e1000 0000:00:03.0 eth0: (PCI:33MHz:32-bit) 02:12:a5:46:f1:8c
[    2.369791] e1000 0000:00:03.0 eth0: Intel(R) PRO/1000 Network Connection
[    2.957998] e1000 0000:00:08.0 eth1: (PCI:33MHz:32-bit) 08:00:27:dd:be:22
[    2.963415] e1000 0000:00:08.0 eth1: Intel(R) PRO/1000 Network Connection
[    2.970861] e1000 0000:00:08.0 enp0s8: renamed from eth1
[    2.973397] mptbase: ioc0: Initiating bringup
[    2.988842] e1000 0000:00:03.0 enp0s3: renamed from eth0
[    3.079161] ioc0: LSI53C1030 A0: Capabilities={Initiator}
[    3.576148] scsi host2: ioc0: LSI53C1030 A0, FwRev=00000000h, Ports=1, MaxQ=256, IRQ=20
[    4.335262] scsi 2:0:0:0: Direct-Access     VBOX     HARDDISK         1.0  PQ: 0 ANSI: 5
[    4.376136] scsi target2:0:0: Beginning Domain Validation
[    4.389020] scsi target2:0:0: Domain Validation skipping write tests
[    4.395470] scsi target2:0:0: Ending Domain Validation
[    4.399883] scsi target2:0:0: asynchronous
[    4.406502] scsi 2:0:1:0: Direct-Access     VBOX     HARDDISK         1.0  PQ: 0 ANSI: 5
[    4.445039] scsi target2:0:1: Beginning Domain Validation
[    4.451178] random: fast init done
[    4.460481] scsi target2:0:1: Domain Validation skipping write tests
[    4.465305] scsi target2:0:1: Ending Domain Validation
[    4.469667] scsi target2:0:1: asynchronous
[    4.485326] random: systemd-udevd: uninitialized urandom read (16 bytes read)
[    4.490924] random: systemd-udevd: uninitialized urandom read (16 bytes read)
[    4.496667] random: systemd-udevd: uninitialized urandom read (16 bytes read)
[    4.502045] sd 2:0:0:0: Attached scsi generic sg0 type 0
[    4.507335] sd 2:0:0:0: [sda] 83886080 512-byte logical blocks: (42.9 GB/40.0 GiB)
[    4.513487] sd 2:0:1:0: Attached scsi generic sg1 type 0
[    4.518130] sd 2:0:0:0: [sda] Write Protect is off
[    4.522092] sd 2:0:1:0: [sdb] 20480 512-byte logical blocks: (10.5 MB/10.0 MiB)
[    4.528761] sd 2:0:1:0: [sdb] Write Protect is off
[    4.528827] sd 2:0:0:0: [sda] Incomplete mode parameter data
[    4.537530] sd 2:0:0:0: [sda] Assuming drive cache: write through
[    4.543715] sd 2:0:1:0: [sdb] Incomplete mode parameter data
[    4.546020]  sda: sda1
[    4.548243] sd 2:0:1:0: [sdb] Assuming drive cache: write through
[    4.553215] sd 2:0:0:0: [sda] Attached SCSI disk
[    4.567972] sd 2:0:1:0: [sdb] Attached SCSI disk
Begin: Loading essential drivers ... [    7.374764] raid6: sse2x1   gen() 250651 MB/s
[    8.374757] raid6: sse2x1   xor() 181743 MB/s
[   10.374470] raid6: sse2x2   gen() 365932 MB/s
[   11.423591] raid6: sse2x2   xor()  8999 MB/s
[   11.477146] raid6: sse2x4   gen() 16175 MB/s
[   11.541634] raid6: sse2x4   xor() 11241 MB/s
[   11.545624] raid6: using algorithm sse2x2 gen() 365932 MB/s
[   11.550184] raid6: .... xor() 8999 MB/s, rmw enabled
[   11.554800] raid6: using ssse3x2 recovery algorithm
[   11.561411] xor: measuring software checksum speed
[   11.605021]    prefetch64-sse: 26314.000 MB/sec
[   11.645047]    generic_sse: 20775.000 MB/sec
[   11.648348] xor: using function: prefetch64-sse (26314.000 MB/sec)
[   11.654512] async_tx: api initialized (async)
done.
Begin: Running /scripts/init-premount ... done.
Begin: Mounting root file system ... Begin: Running /scripts/local-top ... done.
Begin: Running /scripts/local-premount ... [   11.712772] Btrfs loaded, crc32c=crc32c-intel
Scanning for Btrfs filesystems
done.
Warning: fsck not present, so skipping root file system
[   11.756492] EXT4-fs (sda1): mounted filesystem with ordered data mode. Opts: (null)
done.
Begin: Running /scripts/local-bottom ... done.
Begin: Running /scripts/init-bottom ... done.
[   11.960099] ip_tables: (C) 2000-2006 Netfilter Core Team
[   11.975459] systemd[1]: systemd 237 running in system mode. (+PAM +AUDIT +SELINUX +IMA +APPARMOR +SMACK +SYSVINIT +UTMP +LIBCRYPTSETUP +GCRYPT +GNUTLS +ACL +XZ +LZ4 +SECCOMP +BLKID +ELFUTILS +KMOD -IDN2 +IDN -PCRE2 default-hierarchy=hybrid)
[   11.990634] systemd[1]: Detected virtualization oracle.
[   11.995735] systemd[1]: Detected architecture x86-64.

Welcome to [1mUbuntu 18.04.6 LTS[0m!

[   12.025801] systemd[1]: Set hostname to <ubuntu>.
[   12.034892] systemd[1]: Initializing machine ID from random generator.
[   12.040703] systemd[1]: Installed transient /etc/machine-id file.
[   12.358512] systemd[1]: Set up automount Arbitrary Executable File Formats File System Automount Point.
[[0;32m  OK  [0m] Set up automount Arbitrary Executab…rmats File System Automount Point.
[   12.384944] systemd[1]: Created slice User and Session Slice.
[[0;32m  OK  [0m] Created slice User and Session Slice.
[   12.395390] systemd[1]: Reached target User and Group Name Lookups.
[[0;32m  OK  [0m] Reached target User and Group Name Lookups.
[   12.406992] systemd[1]: Started Forward Password Requests to Wall Directory Watch.
[[0;32m  OK  [0m] Started Forward Password Requests to Wall Directory Watch.
[[0;32m  OK  [0m] Reached target Swap.
[[0;32m  OK  [0m] Reached target System Time Synchronized.
[[0;32m  OK  [0m] Created slice System Slice.
[[0;32m  OK  [0m] Listening on Journal Socket.
         Mounting Kernel Debug File System...
         Starting Set the console keyboard layout...
[[0;32m  OK  [0m] Listening on /dev/initctl Compatibility Named Pipe.
[[0;32m  OK  [0m] Listening on LVM2 poll daemon socket.
[[0;32m  OK  [0m] Listening on LVM2 metadata daemon socket.
[[0;32m  OK  [0m] Listening on Syslog Socket.
[[0;32m  OK  [0m] Listening on Journal Audit Socket.
         Mounting Huge Pages File System...
         Starting Uncomplicated firewall...
[[0;32m  OK  [0m] Listening on Network Service Netlink Socket.
[[0;32m  OK  [0m] Listening on fsck to fsckd communication Socket.
         Starting File System Check on Root Device...
         Starting Create list of required st…ce nodes for the current kernel...
[[0;32m  OK  [0m] Listening on Device-mapper event daemon FIFOs.
[[0;32m  OK  [0m] Listening on udev Kernel Socket.
[[0;32m  OK  [0m] Listening on udev Control Socket.
         Starting udev Coldplug all Devices...
         Starting Monitoring of LVM2 mirrors…ng dmeventd or progress polling...
[[0;32m  OK  [0m] Reached target Slices.
[[0;32m  OK  [0m] Created slice system-serial\x2dgetty.slice.
         Starting Load Kernel Modules...
[[0;32m  OK  [0m] Listening on Journal Socket (/dev/log).
         Starting Journal Service...
         Mounting POSIX Message Queue File System...
[[0;32m  OK  [0m] Mounted Kernel Debug File System.
[[0;32m  OK  [0m] Mounted Huge Pages File System.
[[0;32m  OK  [0m] Started Uncomplicated firewall.
[[0;32m  OK  [0m] Started Create list of required sta…vice nodes for the current kernel.
[[0;32m  OK  [0m] Mounted POSIX Message Queue File System.
[[0;32m  OK  [0m] Started File System Check Daemon to report status.
         Starting Create Static Device Nodes in /dev...
[   12.611817] Loading iSCSI transport class v2.0-870.
[[0;32m  OK  [0m] Started Journal Service.
[[0;32m  OK  [0m] Started udev Coldplug all Devices.
[[0;32m  OK  [0m] Started LVM2 metadata daemon.
[[0;32m  OK  [0m] Started Create Static Device Nodes in /dev.
[[0;32m  OK  [0m] Started File System Check on Root Device.
         Starting Remount Root and Kernel File Systems...
[   12.723397] iscsi: registered transport (tcp)
[   12.746603] iscsi: registered transport (iser)
[[0;32m  OK  [0m] Started Load Kernel Modules.
         Starting Apply Kernel Variables...
         Mounting FUSE Control File System...
         Mounting Kernel Configuration File System...
[[0;32m  OK  [0m] Mounted FUSE Control File System.
[[0;32m  OK  [0m] Mounted Kernel Configuration File System.
[[0;32m  OK  [0m] Started Remount Root and Kernel File Systems.
         Starting Load/Save Random Seed...
         Starting udev Kernel Device Manager...
         Starting Flush Journal to Persistent Storage...
[[0;32m  OK  [0m] Started Monitoring of LVM2 mirrors,…sing dmeventd or progress polling.
[[0;32m  OK  [0m] Started Apply Kernel Variables.
[[0;32m  OK  [0m] Started Load/Save Random Seed.
[[0;32m  OK  [0m] Started udev Kernel Device Manager.
[[0;32m  OK  [0m] Started Flush Journal to Persistent Storage.
[[0;32m  OK  [0m] Found device /dev/ttyS0.
[[0;32m  OK  [0m] Listening on Load/Save RF Kill Switch Status /dev/rfkill Watch.
[[0;32m  OK  [0m] Started Set the console keyboard layout.
[[0;32m  OK  [0m] Reached target Local File Systems (Pre).
[[0;32m  OK  [0m] Reached target Local File Systems.
         Starting AppArmor initialization...
         Starting ebtables ruleset management...
         Starting Set console font and keymap...
         Starting Create Volatile Files and Directories...
         Starting Tell Plymouth To Write Out Runtime Data...
         Starting Commit a transient machine-id on disk...
[[0;32m  OK  [0m] Started Dispatch Password Requests to Console Directory Watch.
[[0;32m  OK  [0m] Reached target Local Encrypted Volumes.
[[0;32m  OK  [0m] Started Set console font and keymap.
[[0;32m  OK  [0m] Started Tell Plymouth To Write Out Runtime Data.
[[0;32m  OK  [0m] Started Create Volatile Files and Directories.
         Starting Update UTMP about System Boot/Shutdown...
[[0;32m  OK  [0m] Started Update UTMP about System Boot/Shutdown.
[[0;32m  OK  [0m] Started ebtables ruleset management.
[[0;32m  OK  [0m] Started Commit a transient machine-id on disk.
[[0;32m  OK  [0m] Started AppArmor initialization.
         Starting Load AppArmor profiles managed internally by snapd...
         Starting Initial cloud-init job (pre-networking)...
[[0;32m  OK  [0m] Started Load AppArmor profiles managed internally by snapd.
[   15.587637] cloud-init[588]: Cloud-init v. 22.2-0ubuntu1~18.04.3 running 'init-local' at Fri, 30 Sep 2022 04:10:45 +0000. Up 15.23 seconds.
[[0;32m  OK  [0m] Started Initial cloud-init job (pre-networking).
[[0;32m  OK  [0m] Reached target Network (Pre).
         Starting Network Service...
[[0;32m  OK  [0m] Started Network Service.
         Starting Network Name Resolution...
         Starting Wait for Network to be Configured...
[[0;32m  OK  [0m] Started Network Name Resolution.
[[0;32m  OK  [0m] Reached target Host and Network Name Lookups.
[[0;32m  OK  [0m] Reached target Network.
[[0;32m  OK  [0m] Started Wait for Network to be Configured.
         Starting Initial cloud-init job (metadata service crawler)...
[   17.442591] cloud-init[712]: Cloud-init v. 22.2-0ubuntu1~18.04.3 running 'init' at Fri, 30 Sep 2022 04:10:47 +0000. Up 17.30 seconds.
[   17.446298] cloud-init[712]: ci-info: ++++++++++++++++++++++++++++++++++++++Net device info+++++++++++++++++++++++++++++++++++++++
[   17.450143] cloud-init[712]: ci-info: +--------+-------+----------------------------+---------------+--------+-------------------+
[   17.453974] cloud-init[712]: ci-info: | Device |   Up  |          Address           |      Mask     | Scope  |     Hw-Address    |
[   17.457420] cloud-init[712]: ci-info: +--------+-------+----------------------------+---------------+--------+-------------------+
[   17.461090] cloud-init[712]: ci-info: | enp0s3 |  True |         10.0.2.15          | 255.255.255.0 | global | 02:12:a5:46:f1:8c |
[   17.464643] cloud-init[712]: ci-info: | enp0s3 |  True | fe80::12:a5ff:fe46:f18c/64 |       .       |  link  | 02:12:a5:46:f1:8c |
[   17.468084] cloud-init[712]: ci-info: | enp0s8 | False |             .              |       .       |   .    | 08:00:27:dd:be:22 |
[   17.471275] cloud-init[712]: ci-info: |   lo   |  True |         127.0.0.1          |   255.0.0.0   |  host  |         .         |
[   17.474905] cloud-init[712]: ci-info: |   lo   |  True |          ::1/128           |       .       |  host  |         .         |
[   17.478519] cloud-init[712]: ci-info: +--------+-------+----------------------------+---------------+--------+-------------------+
[   17.482176] cloud-init[712]: ci-info: ++++++++++++++++++++++++++++Route IPv4 info+++++++++++++++++++++++++++++
[   17.485201] cloud-init[712]: ci-info: +-------+-------------+----------+-----------------+-----------+-------+
[   17.488586] cloud-init[712]: ci-info: | Route | Destination | Gateway  |     Genmask     | Interface | Flags |
[   17.491394] cloud-init[712]: ci-info: +-------+-------------+----------+-----------------+-----------+-------+
[   17.494368] cloud-init[712]: ci-info: |   0   |   0.0.0.0   | 10.0.2.2 |     0.0.0.0     |   enp0s3  |   UG  |
[   17.497537] cloud-init[712]: ci-info: |   1   |   10.0.2.0  | 0.0.0.0  |  255.255.255.0  |   enp0s3  |   U   |
[   17.500793] cloud-init[712]: ci-info: |   2   |   10.0.2.2  | 0.0.0.0  | 255.255.255.255 |   enp0s3  |   UH  |
[   17.503674] cloud-init[712]: ci-info: +-------+-------------+----------+-----------------+-----------+-------+
[   17.506670] cloud-init[712]: ci-info: +++++++++++++++++++Route IPv6 info+++++++++++++++++++
[   17.509417] cloud-init[712]: ci-info: +-------+-------------+---------+-----------+-------+
[   17.512158] cloud-init[712]: ci-info: | Route | Destination | Gateway | Interface | Flags |
[   17.514975] cloud-init[712]: ci-info: +-------+-------------+---------+-----------+-------+
[   17.517702] cloud-init[712]: ci-info: |   1   |  fe80::/64  |    ::   |   enp0s3  |   U   |
[   17.520675] cloud-init[712]: ci-info: |   3   |    local    |    ::   |   enp0s3  |   U   |
[   17.523345] cloud-init[712]: ci-info: |   4   |   ff00::/8  |    ::   |   enp0s3  |   U   |
[   17.525958] cloud-init[712]: ci-info: +-------+-------------+---------+-----------+-------+
[   18.372857] cloud-init[712]: Generating public/private rsa key pair.
[   18.378198] cloud-init[712]: Your identification has been saved in /etc/ssh/ssh_host_rsa_key.
[   18.393443] cloud-init[712]: Your public key has been saved in /etc/ssh/ssh_host_rsa_key.pub.
[   18.397958] cloud-init[712]: The key fingerprint is:
[   18.415307] cloud-init[712]: SHA256:Xeq5pRcrFucZQ2fDGqrfVC+QCZtaKp8fKMssbdlS+iY root@ubuntu-bionic
[   18.420933] cloud-init[712]: The key's randomart image is:
[   18.424192] cloud-init[712]: +---[RSA 2048]----+
[   18.427356] cloud-init[712]: |                 |
[   18.438201] cloud-init[712]: |                 |
[   18.441587] cloud-init[712]: |          . ..   |
[   18.445003] cloud-init[712]: |         . *oo=  |
[   18.448708] cloud-init[712]: |        S *o+=.. |
[   18.451903] cloud-init[712]: |        .*o.*o . |
[   18.455604] cloud-init[712]: |     .o=+.++o*. .|[[0;32m  OK  [0m] Started Initial cloud-init job (metadata service crawler).
[[0;32m  OK  [0m] Reached target Network is Online.
[[0;32m  OK  [0m] Reached target Remote File Systems (Pre).
[[0;32m  OK  [0m] Reached target Remote File Systems.
         Starting Availability of block devices...
[[0;32m  OK  [0m] Reached target Cloud-config availability.
[[0;32m  OK  [0m] Reached target System Initialization.
[[0;32m  OK  [0m] Listening on ACPID Listen Socket.
[[0;32m  OK  [0m] Started Discard unused blocks once a week.
[[0;32m  OK  [0m] Started Message of the Day.
         Starting Socket activation for snappy daemon.
[[0;32m  OK  [0m] Started Daily apt download activities.
[[0;32m  OK  [0m] Started ACPI Events Check.
[[0;32m  OK  [0m] Listening on D-Bus System Message Bus Socket.
[[0;32m  OK  [0m] Started Daily apt upgrade and clean activities.
[[0;32m  OK  [0m] Listening on Open-iSCSI iscsid Socket.
[[0;32m  OK  [0m] Listening on cloud-init hotplug hook socket.
[[0;32m  OK  [0m] Reached target Paths.
[[0;32m  OK  [0m] Listening on UUID daemon activation socket.
[[0;32m  OK  [0m] Started Daily Cleanup of Temporary Directories.
[[0;32m  OK  [0m] Started Ubuntu Advantage Timer for running repeated jobs.
[[0;32m  OK  [0m] Reached target Timers.
         Starting LXD - unix socket.
[[0;32m  OK  [0m] Started Availability of block devices.
[[0;32m  OK  [0m] Listening on Socket activation for snappy daemon.
[[0;32m  OK  [0m] Listening on LXD - unix socket.
[[0;32m  OK  [0m] Reached target Sockets.
[[0;32m  OK  [0m] Reached target Basic System.
         Starting Pollinate to seed the pseudo random number generator...
         Starting Permit User Sessions...
         Starting LSB: automatic crash report generation...
[[0;32m  OK  [0m] Started FUSE filesystem for LXC.

[   18.509823] cloud-init[712]: |    .oE=+.oB=  . |
[   18.509963] cloud-init[712]: |     o+=++=o.    |
[   18.509989] cloud-init[712]: +----[SHA256]-----+
[   18.510330] cloud-init[712]: Generating public/private dsa key pair.
[   18.510622] cloud-init[712]: Your identification has been saved in /etc/ssh/ssh_host_dsa_key.
[   18.510911] cloud-init[712]: Your public key has been saved in /etc/ssh/ssh_host_dsa_key.pub.
[   18.511296] cloud-init[712]: The key fingerprint is:
[   18.511575] cloud-init[712]: SHA256:ShRScLwVUDvTCgjX/tnvu0i2ZmuIsCIL1MNHQQFVL2M root@ubuntu-bionic
         Starting Login Service...
[   18.511868] cloud-init[712]: The key's randomart image is:
[   18.524603] cloud-init[712]: +---[DSA 1024]----+
[   18.527523] cloud-init[712]: |  ..BXB+o.       |
[   18.532141] cloud-init[712]: |   o ++.oo       |
[   18.533504] cloud-init[712]: |    .ooE+..      |
[   18.535161] cloud-init[712]: |  o ..+.o+       |
[   18.536779] cloud-init[712]: | . + ...So       |
[   18.538355] cloud-init[712]: |.   +. .o .      |
[   18.541521] cloud-init[712]: |.    o.. .o.     |
[   18.544309] cloud-init[712]: |o . . . .o+o.    |
[   18.545687] cloud-init[712]: |.o .     ++o+o   |
[   18.547120] cloud-init[712]: +----[SHA256]-----+
[   18.548482] cloud-init[712]: Generating public/private ecdsa key pair.
[   18.550349] cloud-init[712]: Your identification has been saved in /etc/ssh/ssh_host_ecdsa_key.
[   18.552662] cloud-init[712]: Your public key has been saved in /etc/ssh/ssh_host_ecdsa_key.pub.
[   18.555110] cloud-init[712]: The key fingerprint is:
[   18.556557] cloud-init[712]: SHA256:27wYeE7Z1fwZAGbCVpErAxvUxrHwlwtMv0oF2EWa+ys root@ubuntu-bionic
[   18.559187] cloud-init[712]: The key's randomart image is:
[   18.560996] cloud-init[712]: +---[ECDSA 256]---+
[   18.562550] cloud-init[712]: |      .o*==Oo    |
[   18.564183] cloud-init[712]: |       +=BX.o    |
[   18.565711] cloud-init[712]: |        *B =..   |
         Starting Dispatcher daemon for systemd-networkd...
         Starting Accounts Service...
[   18.582208] [[0;32m  OK  [0m] Started D-Bus System Message Bus.
cloud-init[712]: |       . o=.oo.  |
[   18.585638] cloud-init[712]: |        Sooo. o. |
[   18.586931] cloud-init[712]: |       ..*o.   .o|
[   18.588388] cloud-init[712]: |      . *.+.   ..|
[   18.589664] cloud-init[712]: |       + E ..    |
[   18.590940] cloud-init[712]: |        o o.     |
[   18.592412] cloud-init[712]: +----[SHA256]-----+
[   18.594033] cloud-init[712]: Generating public/private ed25519 key pair.
[   18.596686] cloud-init[712]: Your identification has been saved in /etc/ssh/ssh_host_ed25519_key.
[   18.606871] cloud-init[712]: Your public key has been saved in /etc/ssh/ssh_host_ed25519_key.pub.
[   18.615817] cloud-init[712]: The key fingerprint is:
[   18.622919] cloud-init[712]: SHA256:ycj9LWFGpzPw6LtDikPNBXFz1QhJanT1SRG+GsjuT3U root@ubuntu-bionic
[   18.627387] cloud-init[712]: The key's randomart image is:
[   18.631110] cloud-init[712]: +--[ED25519 256]--+
[   18.634086] cloud-init[712]: |      ..+.==oo+o |
[   18.637344] cloud-init[712]: |      .o =. .+.. |
[   18.641209] cloud-init[712]: |       .+ . . +  |
[   18.645745] cloud-init[712]: |     . =.B +   . |
[   18.654835] cloud-init[712]: |     oo.S @ . o E|
[   18.659562] cloud-init[712]: |    . o..= = + . |
[   18.664496] cloud-init[712]: |   . . o. + +    |
[   18.667661] cloud-init[712]: |    o . .o o     |
[   18.671329] cloud-init[712]: |     .  oo...    |
[   18.674869] cloud-init[712]: +----[SHA256]-----+         Starting LXD - container startup/shutdown...

[[0;32m  OK  [0m] Started irqbalance daemon.
         Starting LSB: Record successful boot for GRUB...
[[0;32m  OK  [0m] Started Deferred execution scheduler.
         Starting Virtualbox guest utils...
         Starting System Logging Service...
         Starting Snap Daemon...
[[0;32m  OK  [0m] Started Regular background program processing daemon.
[[0;32m  OK  [0m] Started System Logging Service.
[[0;32m  OK  [0m] Started Permit User Sessions.
[[0;32m  OK  [0m] Started Login Service.
         Starting Authorization Manager...
[[0;32m  OK  [0m] Started Unattended Upgrades Shutdown.
         Starting Terminate Plymouth Boot Screen...
         Starting Hold until boot process finishes up...
[[0;32m  OK  [0m] Started Hold until boot process finishes up.
[[0;32m  OK  [0m] Started Serial Getty on ttyS0.
         Starting Set console scheme...
[[0;32m  OK  [0m] Started Terminate Plymouth Boot Screen.
[[0;32m  OK  [0m] Started LSB: Record successful boot for GRUB.
[[0;32m  OK  [0m] Started LSB: automatic crash report generation.
[[0;32m  OK  [0m] Started LXD - container startup/shutdown.
[[0;32m  OK  [0m] Started Set console scheme.
[[0;32m  OK  [0m] Created slice system-getty.slice.
[[0;32m  OK  [0m] Started Getty on tty1.
[[0;32m  OK  [0m] Reached target Login Prompts.
[[0;32m  OK  [0m] Started Authorization Manager.
[[0;32m  OK  [0m] Started Accounts Service.
[[0;32m  OK  [0m] Started Virtualbox guest utils.
[[0;32m  OK  [0m] Started Dispatcher daemon for systemd-networkd.
[[0;32m  OK  [0m] Started Snap Daemon.
         Starting Wait until snapd is fully seeded...
         Starting Time & Date Service...
[[0;32m  OK  [0m] Started Time & Date Service.
[[0;32m  OK  [0m] Started Pollinate to seed the pseudo random number generator.
         Starting OpenBSD Secure Shell server...
[[0;32m  OK  [0m] Started OpenBSD Secure Shell server.
[[0;32m  OK  [0m] Created slice User Slice of vagrant.
         Starting User Manager for UID 1000...
[[0;32m  OK  [0m] Started Session 1 of user vagrant.
[[0;32m  OK  [0m] Started User Manager for UID 1000.
[[0;32m  OK  [0m] Started Wait until snapd is fully seeded.
         Starting Apply the settings specified in cloud-config...
[   23.236822] cloud-init[1375]: Cloud-init v. 22.2-0ubuntu1~18.04.3 running 'modules:config' at Fri, 30 Sep 2022 04:10:52 +0000. Up 22.84 seconds.
[[0;32m  OK  [0m] Started Apply the settings specified in cloud-config.
[[0;32m  OK  [0m] Reached target Multi-User System.
[[0;32m  OK  [0m] Reached target Graphical Interface.
         Starting Update UTMP about System Runlevel Changes...
         Starting Execute cloud user/final scripts...
[[0;32m  OK  [0m] Started Update UTMP about System Runlevel Changes.
ci-info: no authorized SSH keys fingerprints found for user ubuntu.
<14>Sep 30 04:10:53 cloud-init: #############################################################
<14>Sep 30 04:10:53 cloud-init: -----BEGIN SSH HOST KEY FINGERPRINTS-----
<14>Sep 30 04:10:53 cloud-init: 1024 SHA256:ShRScLwVUDvTCgjX/tnvu0i2ZmuIsCIL1MNHQQFVL2M root@ubuntu-bionic (DSA)
<14>Sep 30 04:10:53 cloud-init: 256 SHA256:27wYeE7Z1fwZAGbCVpErAxvUxrHwlwtMv0oF2EWa+ys root@ubuntu-bionic (ECDSA)
<14>Sep 30 04:10:53 cloud-init: 256 SHA256:ycj9LWFGpzPw6LtDikPNBXFz1QhJanT1SRG+GsjuT3U root@ubuntu-bionic (ED25519)
<14>Sep 30 04:10:53 cloud-init: 2048 SHA256:Xeq5pRcrFucZQ2fDGqrfVC+QCZtaKp8fKMssbdlS+iY root@ubuntu-bionic (RSA)
<14>Sep 30 04:10:53 cloud-init: -----END SSH HOST KEY FINGERPRINTS-----
<14>Sep 30 04:10:53 cloud-init: #############################################################
-----BEGIN SSH HOST KEY KEYS-----
ecdsa-sha2-nistp256 AAAAE2VjZHNhLXNoYTItbmlzdHAyNTYAAAAIbmlzdHAyNTYAAABBBFlmko59vqGki424sfGeRVY5veYRl30U2GU4MtsNo/sJ0EWLHb6mpO/Vmhj7KIPZBWznivTONcW/2o2PCmaSpzA= root@ubuntu-bionic
ssh-ed25519 AAAAC3NzaC1lZDI1NTE5AAAAIKCLfvt2p/3y2gZESiIjiJilVg+LOhHl4dDZ473xEr3o root@ubuntu-bionic
ssh-rsa AAAAB3NzaC1yc2EAAAADAQABAAABAQCgtp/NWWND46dXCymj7skEN7IeV2sIGuGuBLRTyItr+yK6n4/xcq2xHPw1P46rNn7QVV8I9pNRHyfANto2K7t8LxxQ36TTemGfIcsnXZtt51z4wnW9iZmJ50LO4xoP6cz4cmd1QmyC/tTPV/Ipb253pJs7u+UupYE7r7fIGV4U04Gk1A0R/I/IOpUZK+kP/O61kwqoEWzFQHq3EYTSSpLa7pyu8vnPxVwrgFHLAfGnoXOKRjnj3jXLvqvd668uOXSTStPLC+7nirVLqL/jokYi2TovlGO7s/8rJTJ/LeVcIX+1ddYXbNMuivbn8TQtoWPiMk8Lo0ubtIV5eMXYzODH root@ubuntu-bionic
-----END SSH HOST KEY KEYS-----
[   23.842375] cloud-init[1501]: Cloud-init v. 22.2-0ubuntu1~18.04.3 running 'modules:final' at Fri, 30 Sep 2022 04:10:53 +0000. Up 23.64 seconds.
[   23.845806] cloud-init[1501]: Cloud-init v. 22.2-0ubuntu1~18.04.3 finished at Fri, 30 Sep 2022 04:10:53 +0000. Datasource DataSourceNoCloud [seed=/dev/sdb][dsmode=net].  Up 23.83 seconds
[[0;32m  OK  [0m] Started Execute cloud user/final scripts.
[[0;32m  OK  [0m] Reached target Cloud-init target.

Ubuntu 18.04.6 LTS vm-worker ttyS0

vm-worker login: 